[2026-05-29 22:32:23,662 INFO] kg: Use 1 gpus for this run
[2026-05-29 22:32:23,662 INFO] kg: Args={
    "config_path": "configs/SimKGC_WN18RR.json",
    "model": "SimKGC",
    "model_def": "",
    "model_encoder_path": "models/encoders/bert_encoder.py",
    "model_loss_path": "models/losses/infonce_loss.py",
    "model_sampler_path": "models/samplers/masking_sampler.py",
    "model_strategy_path": "models/strategies/simkgc_strategy.py",
    "task": "both",
    "bert_encoder": "distilbert-base-uncased",
    "dataset": "WN18RR",
    "train_path": "data/WN18RR/preprocessed/train.txt.json",
    "valid_path": "data/WN18RR/preprocessed/valid.txt.json",
    "test_path": "data/WN18RR/preprocessed/test.txt.json",
    "valid_label_path": "data/WN18RR/preprocessed/valid_w_label.txt.json",
    "test_label_path": "data/WN18RR/preprocessed/test_w_label.txt.json",
    "eval_model_path": "",
    "output_dir_prefix": "logs/SimKGC_WN18RR",
    "additive_margin": 0.02,
    "batch_size": 512,
    "dim": 768,
    "dropout": 0.1,
    "epochs": 50,
    "eval_every_n_step": 10000,
    "finetune_t": true,
    "grad_clip": 10.0,
    "is_test": false,
    "lr": 5e-05,
    "lr_scheduler": "linear",
    "max_num_tokens": 50,
    "max_to_keep": 3,
    "neighbor_weight": 0.0,
    "pooling": "mean",
    "pre_batch": 0,
    "pre_batch_weight": 0.5,
    "print_freq": 1,
    "rerank_n_hop": 2,
    "seed": null,
    "t": 0.05,
    "use_amp": false,
    "use_link_graph": true,
    "use_self_negative": false,
    "weight_decay": 0.0001,
    "workers": 2,
    "warmup": 400,
    "unparsed_args": [],
    "model_type": "SimKGC",
    "encoder": "distilbert-base-uncased",
    "pretrained_model": "distilbert-base-uncased",
    "model_dir": "logs/SimKGC_WN18RR_2026-05-29_22-32-22",
    "output_dir": "logs/SimKGC_WN18RR_2026-05-29_22-32-22"
}
[2026-05-29 22:32:28,497 INFO] kg: Build tokenizer from distilbert-base-uncased
[2026-05-29 22:32:28,498 INFO] kg: => creating model
[2026-05-29 22:32:34,260 INFO] kg: CustomBertModel(
  (hr_bert): DistilBertModel(
    (embeddings): Embeddings(
      (word_embeddings): Embedding(30522, 768, padding_idx=0)
      (position_embeddings): Embedding(512, 768)
      (LayerNorm): LayerNorm((768,), eps=1e-12, elementwise_affine=True, bias=True)
      (dropout): Dropout(p=0.1, inplace=False)
    )
    (transformer): Transformer(
      (layer): ModuleList(
        (0-5): 6 x TransformerBlock(
          (attention): DistilBertSelfAttention(
            (q_lin): Linear(in_features=768, out_features=768, bias=True)
            (k_lin): Linear(in_features=768, out_features=768, bias=True)
            (v_lin): Linear(in_features=768, out_features=768, bias=True)
            (out_lin): Linear(in_features=768, out_features=768, bias=True)
            (dropout): Dropout(p=0.1, inplace=False)
          )
          (sa_layer_norm): LayerNorm((768,), eps=1e-12, elementwise_affine=True, bias=True)
          (ffn): FFN(
            (dropout): Dropout(p=0.1, inplace=False)
            (lin1): Linear(in_features=768, out_features=3072, bias=True)
            (lin2): Linear(in_features=3072, out_features=768, bias=True)
            (activation): GELUActivation()
          )
          (output_layer_norm): LayerNorm((768,), eps=1e-12, elementwise_affine=True, bias=True)
        )
      )
    )
  )
  (tail_bert): DistilBertModel(
    (embeddings): Embeddings(
      (word_embeddings): Embedding(30522, 768, padding_idx=0)
      (position_embeddings): Embedding(512, 768)
      (LayerNorm): LayerNorm((768,), eps=1e-12, elementwise_affine=True, bias=True)
      (dropout): Dropout(p=0.1, inplace=False)
    )
    (transformer): Transformer(
      (layer): ModuleList(
        (0-5): 6 x TransformerBlock(
          (attention): DistilBertSelfAttention(
            (q_lin): Linear(in_features=768, out_features=768, bias=True)
            (k_lin): Linear(in_features=768, out_features=768, bias=True)
            (v_lin): Linear(in_features=768, out_features=768, bias=True)
            (out_lin): Linear(in_features=768, out_features=768, bias=True)
            (dropout): Dropout(p=0.1, inplace=False)
          )
          (sa_layer_norm): LayerNorm((768,), eps=1e-12, elementwise_affine=True, bias=True)
          (ffn): FFN(
            (dropout): Dropout(p=0.1, inplace=False)
            (lin1): Linear(in_features=768, out_features=3072, bias=True)
            (lin2): Linear(in_features=3072, out_features=768, bias=True)
            (activation): GELUActivation()
          )
          (output_layer_norm): LayerNorm((768,), eps=1e-12, elementwise_affine=True, bias=True)
        )
      )
    )
  )
)
[2026-05-29 22:32:34,261 INFO] kg: No gpu will be used
[2026-05-29 22:32:34,261 INFO] kg: log_inv_t: 1
[2026-05-29 22:32:34,261 INFO] kg: hr_bert.embeddings.word_embeddings.weight: 23440896
[2026-05-29 22:32:34,261 INFO] kg: hr_bert.embeddings.position_embeddings.weight: 393216
[2026-05-29 22:32:34,261 INFO] kg: hr_bert.embeddings.LayerNorm.weight: 768
[2026-05-29 22:32:34,261 INFO] kg: hr_bert.embeddings.LayerNorm.bias: 768
[2026-05-29 22:32:34,261 INFO] kg: hr_bert.transformer.layer.0.attention.q_lin.weight: 589824
[2026-05-29 22:32:34,261 INFO] kg: hr_bert.transformer.layer.0.attention.q_lin.bias: 768
[2026-05-29 22:32:34,261 INFO] kg: hr_bert.transformer.layer.0.attention.k_lin.weight: 589824
[2026-05-29 22:32:34,261 INFO] kg: hr_bert.transformer.layer.0.attention.k_lin.bias: 768
[2026-05-29 22:32:34,261 INFO] kg: hr_bert.transformer.layer.0.attention.v_lin.weight: 589824
[2026-05-29 22:32:34,261 INFO] kg: hr_bert.transformer.layer.0.attention.v_lin.bias: 768
[2026-05-29 22:32:34,261 INFO] kg: hr_bert.transformer.layer.0.attention.out_lin.weight: 589824
[2026-05-29 22:32:34,261 INFO] kg: hr_bert.transformer.layer.0.attention.out_lin.bias: 768
[2026-05-29 22:32:34,261 INFO] kg: hr_bert.transformer.layer.0.sa_layer_norm.weight: 768
[2026-05-29 22:32:34,261 INFO] kg: hr_bert.transformer.layer.0.sa_layer_norm.bias: 768
[2026-05-29 22:32:34,261 INFO] kg: hr_bert.transformer.layer.0.ffn.lin1.weight: 2359296
[2026-05-29 22:32:34,261 INFO] kg: hr_bert.transformer.layer.0.ffn.lin1.bias: 3072
[2026-05-29 22:32:34,261 INFO] kg: hr_bert.transformer.layer.0.ffn.lin2.weight: 2359296
[2026-05-29 22:32:34,261 INFO] kg: hr_bert.transformer.layer.0.ffn.lin2.bias: 768
[2026-05-29 22:32:34,261 INFO] kg: hr_bert.transformer.layer.0.output_layer_norm.weight: 768
[2026-05-29 22:32:34,261 INFO] kg: hr_bert.transformer.layer.0.output_layer_norm.bias: 768
[2026-05-29 22:32:34,261 INFO] kg: hr_bert.transformer.layer.1.attention.q_lin.weight: 589824
[2026-05-29 22:32:34,261 INFO] kg: hr_bert.transformer.layer.1.attention.q_lin.bias: 768
[2026-05-29 22:32:34,261 INFO] kg: hr_bert.transformer.layer.1.attention.k_lin.weight: 589824
[2026-05-29 22:32:34,261 INFO] kg: hr_bert.transformer.layer.1.attention.k_lin.bias: 768
[2026-05-29 22:32:34,261 INFO] kg: hr_bert.transformer.layer.1.attention.v_lin.weight: 589824
[2026-05-29 22:32:34,261 INFO] kg: hr_bert.transformer.layer.1.attention.v_lin.bias: 768
[2026-05-29 22:32:34,261 INFO] kg: hr_bert.transformer.layer.1.attention.out_lin.weight: 589824
[2026-05-29 22:32:34,261 INFO] kg: hr_bert.transformer.layer.1.attention.out_lin.bias: 768
[2026-05-29 22:32:34,261 INFO] kg: hr_bert.transformer.layer.1.sa_layer_norm.weight: 768
[2026-05-29 22:32:34,261 INFO] kg: hr_bert.transformer.layer.1.sa_layer_norm.bias: 768
[2026-05-29 22:32:34,262 INFO] kg: hr_bert.transformer.layer.1.ffn.lin1.weight: 2359296
[2026-05-29 22:32:34,262 INFO] kg: hr_bert.transformer.layer.1.ffn.lin1.bias: 3072
[2026-05-29 22:32:34,262 INFO] kg: hr_bert.transformer.layer.1.ffn.lin2.weight: 2359296
[2026-05-29 22:32:34,262 INFO] kg: hr_bert.transformer.layer.1.ffn.lin2.bias: 768
[2026-05-29 22:32:34,262 INFO] kg: hr_bert.transformer.layer.1.output_layer_norm.weight: 768
[2026-05-29 22:32:34,262 INFO] kg: hr_bert.transformer.layer.1.output_layer_norm.bias: 768
[2026-05-29 22:32:34,262 INFO] kg: hr_bert.transformer.layer.2.attention.q_lin.weight: 589824
[2026-05-29 22:32:34,262 INFO] kg: hr_bert.transformer.layer.2.attention.q_lin.bias: 768
[2026-05-29 22:32:34,262 INFO] kg: hr_bert.transformer.layer.2.attention.k_lin.weight: 589824
[2026-05-29 22:32:34,262 INFO] kg: hr_bert.transformer.layer.2.attention.k_lin.bias: 768
[2026-05-29 22:32:34,262 INFO] kg: hr_bert.transformer.layer.2.attention.v_lin.weight: 589824
[2026-05-29 22:32:34,262 INFO] kg: hr_bert.transformer.layer.2.attention.v_lin.bias: 768
[2026-05-29 22:32:34,262 INFO] kg: hr_bert.transformer.layer.2.attention.out_lin.weight: 589824
[2026-05-29 22:32:34,262 INFO] kg: hr_bert.transformer.layer.2.attention.out_lin.bias: 768
[2026-05-29 22:32:34,262 INFO] kg: hr_bert.transformer.layer.2.sa_layer_norm.weight: 768
[2026-05-29 22:32:34,262 INFO] kg: hr_bert.transformer.layer.2.sa_layer_norm.bias: 768
[2026-05-29 22:32:34,262 INFO] kg: hr_bert.transformer.layer.2.ffn.lin1.weight: 2359296
[2026-05-29 22:32:34,262 INFO] kg: hr_bert.transformer.layer.2.ffn.lin1.bias: 3072
[2026-05-29 22:32:34,262 INFO] kg: hr_bert.transformer.layer.2.ffn.lin2.weight: 2359296
[2026-05-29 22:32:34,262 INFO] kg: hr_bert.transformer.layer.2.ffn.lin2.bias: 768
[2026-05-29 22:32:34,262 INFO] kg: hr_bert.transformer.layer.2.output_layer_norm.weight: 768
[2026-05-29 22:32:34,262 INFO] kg: hr_bert.transformer.layer.2.output_layer_norm.bias: 768
[2026-05-29 22:32:34,262 INFO] kg: hr_bert.transformer.layer.3.attention.q_lin.weight: 589824
[2026-05-29 22:32:34,262 INFO] kg: hr_bert.transformer.layer.3.attention.q_lin.bias: 768
[2026-05-29 22:32:34,262 INFO] kg: hr_bert.transformer.layer.3.attention.k_lin.weight: 589824
[2026-05-29 22:32:34,262 INFO] kg: hr_bert.transformer.layer.3.attention.k_lin.bias: 768
[2026-05-29 22:32:34,262 INFO] kg: hr_bert.transformer.layer.3.attention.v_lin.weight: 589824
[2026-05-29 22:32:34,262 INFO] kg: hr_bert.transformer.layer.3.attention.v_lin.bias: 768
[2026-05-29 22:32:34,262 INFO] kg: hr_bert.transformer.layer.3.attention.out_lin.weight: 589824
[2026-05-29 22:32:34,262 INFO] kg: hr_bert.transformer.layer.3.attention.out_lin.bias: 768
[2026-05-29 22:32:34,262 INFO] kg: hr_bert.transformer.layer.3.sa_layer_norm.weight: 768
[2026-05-29 22:32:34,262 INFO] kg: hr_bert.transformer.layer.3.sa_layer_norm.bias: 768
[2026-05-29 22:32:34,262 INFO] kg: hr_bert.transformer.layer.3.ffn.lin1.weight: 2359296
[2026-05-29 22:32:34,262 INFO] kg: hr_bert.transformer.layer.3.ffn.lin1.bias: 3072
[2026-05-29 22:32:34,262 INFO] kg: hr_bert.transformer.layer.3.ffn.lin2.weight: 2359296
[2026-05-29 22:32:34,262 INFO] kg: hr_bert.transformer.layer.3.ffn.lin2.bias: 768
[2026-05-29 22:32:34,262 INFO] kg: hr_bert.transformer.layer.3.output_layer_norm.weight: 768
[2026-05-29 22:32:34,262 INFO] kg: hr_bert.transformer.layer.3.output_layer_norm.bias: 768
[2026-05-29 22:32:34,262 INFO] kg: hr_bert.transformer.layer.4.attention.q_lin.weight: 589824
[2026-05-29 22:32:34,262 INFO] kg: hr_bert.transformer.layer.4.attention.q_lin.bias: 768
[2026-05-29 22:32:34,262 INFO] kg: hr_bert.transformer.layer.4.attention.k_lin.weight: 589824
[2026-05-29 22:32:34,262 INFO] kg: hr_bert.transformer.layer.4.attention.k_lin.bias: 768
[2026-05-29 22:32:34,262 INFO] kg: hr_bert.transformer.layer.4.attention.v_lin.weight: 589824
[2026-05-29 22:32:34,262 INFO] kg: hr_bert.transformer.layer.4.attention.v_lin.bias: 768
[2026-05-29 22:32:34,262 INFO] kg: hr_bert.transformer.layer.4.attention.out_lin.weight: 589824
[2026-05-29 22:32:34,262 INFO] kg: hr_bert.transformer.layer.4.attention.out_lin.bias: 768
[2026-05-29 22:32:34,262 INFO] kg: hr_bert.transformer.layer.4.sa_layer_norm.weight: 768
[2026-05-29 22:32:34,262 INFO] kg: hr_bert.transformer.layer.4.sa_layer_norm.bias: 768
[2026-05-29 22:32:34,262 INFO] kg: hr_bert.transformer.layer.4.ffn.lin1.weight: 2359296
[2026-05-29 22:32:34,262 INFO] kg: hr_bert.transformer.layer.4.ffn.lin1.bias: 3072
[2026-05-29 22:32:34,262 INFO] kg: hr_bert.transformer.layer.4.ffn.lin2.weight: 2359296
[2026-05-29 22:32:34,262 INFO] kg: hr_bert.transformer.layer.4.ffn.lin2.bias: 768
[2026-05-29 22:32:34,262 INFO] kg: hr_bert.transformer.layer.4.output_layer_norm.weight: 768
[2026-05-29 22:32:34,262 INFO] kg: hr_bert.transformer.layer.4.output_layer_norm.bias: 768
[2026-05-29 22:32:34,262 INFO] kg: hr_bert.transformer.layer.5.attention.q_lin.weight: 589824
[2026-05-29 22:32:34,262 INFO] kg: hr_bert.transformer.layer.5.attention.q_lin.bias: 768
[2026-05-29 22:32:34,262 INFO] kg: hr_bert.transformer.layer.5.attention.k_lin.weight: 589824
[2026-05-29 22:32:34,262 INFO] kg: hr_bert.transformer.layer.5.attention.k_lin.bias: 768
[2026-05-29 22:32:34,262 INFO] kg: hr_bert.transformer.layer.5.attention.v_lin.weight: 589824
[2026-05-29 22:32:34,262 INFO] kg: hr_bert.transformer.layer.5.attention.v_lin.bias: 768
[2026-05-29 22:32:34,262 INFO] kg: hr_bert.transformer.layer.5.attention.out_lin.weight: 589824
[2026-05-29 22:32:34,262 INFO] kg: hr_bert.transformer.layer.5.attention.out_lin.bias: 768
[2026-05-29 22:32:34,262 INFO] kg: hr_bert.transformer.layer.5.sa_layer_norm.weight: 768
[2026-05-29 22:32:34,262 INFO] kg: hr_bert.transformer.layer.5.sa_layer_norm.bias: 768
[2026-05-29 22:32:34,262 INFO] kg: hr_bert.transformer.layer.5.ffn.lin1.weight: 2359296
[2026-05-29 22:32:34,262 INFO] kg: hr_bert.transformer.layer.5.ffn.lin1.bias: 3072
[2026-05-29 22:32:34,262 INFO] kg: hr_bert.transformer.layer.5.ffn.lin2.weight: 2359296
[2026-05-29 22:32:34,262 INFO] kg: hr_bert.transformer.layer.5.ffn.lin2.bias: 768
[2026-05-29 22:32:34,262 INFO] kg: hr_bert.transformer.layer.5.output_layer_norm.weight: 768
[2026-05-29 22:32:34,262 INFO] kg: hr_bert.transformer.layer.5.output_layer_norm.bias: 768
[2026-05-29 22:32:34,262 INFO] kg: tail_bert.embeddings.word_embeddings.weight: 23440896
[2026-05-29 22:32:34,262 INFO] kg: tail_bert.embeddings.position_embeddings.weight: 393216
[2026-05-29 22:32:34,262 INFO] kg: tail_bert.embeddings.LayerNorm.weight: 768
[2026-05-29 22:32:34,262 INFO] kg: tail_bert.embeddings.LayerNorm.bias: 768
[2026-05-29 22:32:34,262 INFO] kg: tail_bert.transformer.layer.0.attention.q_lin.weight: 589824
[2026-05-29 22:32:34,262 INFO] kg: tail_bert.transformer.layer.0.attention.q_lin.bias: 768
[2026-05-29 22:32:34,262 INFO] kg: tail_bert.transformer.layer.0.attention.k_lin.weight: 589824
[2026-05-29 22:32:34,262 INFO] kg: tail_bert.transformer.layer.0.attention.k_lin.bias: 768
[2026-05-29 22:32:34,262 INFO] kg: tail_bert.transformer.layer.0.attention.v_lin.weight: 589824
[2026-05-29 22:32:34,262 INFO] kg: tail_bert.transformer.layer.0.attention.v_lin.bias: 768
[2026-05-29 22:32:34,262 INFO] kg: tail_bert.transformer.layer.0.attention.out_lin.weight: 589824
[2026-05-29 22:32:34,262 INFO] kg: tail_bert.transformer.layer.0.attention.out_lin.bias: 768
[2026-05-29 22:32:34,262 INFO] kg: tail_bert.transformer.layer.0.sa_layer_norm.weight: 768
[2026-05-29 22:32:34,263 INFO] kg: tail_bert.transformer.layer.0.sa_layer_norm.bias: 768
[2026-05-29 22:32:34,263 INFO] kg: tail_bert.transformer.layer.0.ffn.lin1.weight: 2359296
[2026-05-29 22:32:34,263 INFO] kg: tail_bert.transformer.layer.0.ffn.lin1.bias: 3072
[2026-05-29 22:32:34,263 INFO] kg: tail_bert.transformer.layer.0.ffn.lin2.weight: 2359296
[2026-05-29 22:32:34,263 INFO] kg: tail_bert.transformer.layer.0.ffn.lin2.bias: 768
[2026-05-29 22:32:34,263 INFO] kg: tail_bert.transformer.layer.0.output_layer_norm.weight: 768
[2026-05-29 22:32:34,263 INFO] kg: tail_bert.transformer.layer.0.output_layer_norm.bias: 768
[2026-05-29 22:32:34,263 INFO] kg: tail_bert.transformer.layer.1.attention.q_lin.weight: 589824
[2026-05-29 22:32:34,263 INFO] kg: tail_bert.transformer.layer.1.attention.q_lin.bias: 768
[2026-05-29 22:32:34,263 INFO] kg: tail_bert.transformer.layer.1.attention.k_lin.weight: 589824
[2026-05-29 22:32:34,263 INFO] kg: tail_bert.transformer.layer.1.attention.k_lin.bias: 768
[2026-05-29 22:32:34,263 INFO] kg: tail_bert.transformer.layer.1.attention.v_lin.weight: 589824
[2026-05-29 22:32:34,263 INFO] kg: tail_bert.transformer.layer.1.attention.v_lin.bias: 768
[2026-05-29 22:32:34,263 INFO] kg: tail_bert.transformer.layer.1.attention.out_lin.weight: 589824
[2026-05-29 22:32:34,263 INFO] kg: tail_bert.transformer.layer.1.attention.out_lin.bias: 768
[2026-05-29 22:32:34,263 INFO] kg: tail_bert.transformer.layer.1.sa_layer_norm.weight: 768
[2026-05-29 22:32:34,263 INFO] kg: tail_bert.transformer.layer.1.sa_layer_norm.bias: 768
[2026-05-29 22:32:34,263 INFO] kg: tail_bert.transformer.layer.1.ffn.lin1.weight: 2359296
[2026-05-29 22:32:34,263 INFO] kg: tail_bert.transformer.layer.1.ffn.lin1.bias: 3072
[2026-05-29 22:32:34,263 INFO] kg: tail_bert.transformer.layer.1.ffn.lin2.weight: 2359296
[2026-05-29 22:32:34,263 INFO] kg: tail_bert.transformer.layer.1.ffn.lin2.bias: 768
[2026-05-29 22:32:34,263 INFO] kg: tail_bert.transformer.layer.1.output_layer_norm.weight: 768
[2026-05-29 22:32:34,263 INFO] kg: tail_bert.transformer.layer.1.output_layer_norm.bias: 768
[2026-05-29 22:32:34,263 INFO] kg: tail_bert.transformer.layer.2.attention.q_lin.weight: 589824
[2026-05-29 22:32:34,263 INFO] kg: tail_bert.transformer.layer.2.attention.q_lin.bias: 768
[2026-05-29 22:32:34,263 INFO] kg: tail_bert.transformer.layer.2.attention.k_lin.weight: 589824
[2026-05-29 22:32:34,263 INFO] kg: tail_bert.transformer.layer.2.attention.k_lin.bias: 768
[2026-05-29 22:32:34,263 INFO] kg: tail_bert.transformer.layer.2.attention.v_lin.weight: 589824
[2026-05-29 22:32:34,263 INFO] kg: tail_bert.transformer.layer.2.attention.v_lin.bias: 768
[2026-05-29 22:32:34,263 INFO] kg: tail_bert.transformer.layer.2.attention.out_lin.weight: 589824
[2026-05-29 22:32:34,263 INFO] kg: tail_bert.transformer.layer.2.attention.out_lin.bias: 768
[2026-05-29 22:32:34,263 INFO] kg: tail_bert.transformer.layer.2.sa_layer_norm.weight: 768
[2026-05-29 22:32:34,263 INFO] kg: tail_bert.transformer.layer.2.sa_layer_norm.bias: 768
[2026-05-29 22:32:34,263 INFO] kg: tail_bert.transformer.layer.2.ffn.lin1.weight: 2359296
[2026-05-29 22:32:34,263 INFO] kg: tail_bert.transformer.layer.2.ffn.lin1.bias: 3072
[2026-05-29 22:32:34,263 INFO] kg: tail_bert.transformer.layer.2.ffn.lin2.weight: 2359296
[2026-05-29 22:32:34,263 INFO] kg: tail_bert.transformer.layer.2.ffn.lin2.bias: 768
[2026-05-29 22:32:34,263 INFO] kg: tail_bert.transformer.layer.2.output_layer_norm.weight: 768
[2026-05-29 22:32:34,263 INFO] kg: tail_bert.transformer.layer.2.output_layer_norm.bias: 768
[2026-05-29 22:32:34,263 INFO] kg: tail_bert.transformer.layer.3.attention.q_lin.weight: 589824
[2026-05-29 22:32:34,263 INFO] kg: tail_bert.transformer.layer.3.attention.q_lin.bias: 768
[2026-05-29 22:32:34,263 INFO] kg: tail_bert.transformer.layer.3.attention.k_lin.weight: 589824
[2026-05-29 22:32:34,263 INFO] kg: tail_bert.transformer.layer.3.attention.k_lin.bias: 768
[2026-05-29 22:32:34,263 INFO] kg: tail_bert.transformer.layer.3.attention.v_lin.weight: 589824
[2026-05-29 22:32:34,263 INFO] kg: tail_bert.transformer.layer.3.attention.v_lin.bias: 768
[2026-05-29 22:32:34,263 INFO] kg: tail_bert.transformer.layer.3.attention.out_lin.weight: 589824
[2026-05-29 22:32:34,263 INFO] kg: tail_bert.transformer.layer.3.attention.out_lin.bias: 768
[2026-05-29 22:32:34,263 INFO] kg: tail_bert.transformer.layer.3.sa_layer_norm.weight: 768
[2026-05-29 22:32:34,263 INFO] kg: tail_bert.transformer.layer.3.sa_layer_norm.bias: 768
[2026-05-29 22:32:34,263 INFO] kg: tail_bert.transformer.layer.3.ffn.lin1.weight: 2359296
[2026-05-29 22:32:34,263 INFO] kg: tail_bert.transformer.layer.3.ffn.lin1.bias: 3072
[2026-05-29 22:32:34,263 INFO] kg: tail_bert.transformer.layer.3.ffn.lin2.weight: 2359296
[2026-05-29 22:32:34,263 INFO] kg: tail_bert.transformer.layer.3.ffn.lin2.bias: 768
[2026-05-29 22:32:34,263 INFO] kg: tail_bert.transformer.layer.3.output_layer_norm.weight: 768
[2026-05-29 22:32:34,263 INFO] kg: tail_bert.transformer.layer.3.output_layer_norm.bias: 768
[2026-05-29 22:32:34,263 INFO] kg: tail_bert.transformer.layer.4.attention.q_lin.weight: 589824
[2026-05-29 22:32:34,263 INFO] kg: tail_bert.transformer.layer.4.attention.q_lin.bias: 768
[2026-05-29 22:32:34,263 INFO] kg: tail_bert.transformer.layer.4.attention.k_lin.weight: 589824
[2026-05-29 22:32:34,263 INFO] kg: tail_bert.transformer.layer.4.attention.k_lin.bias: 768
[2026-05-29 22:32:34,263 INFO] kg: tail_bert.transformer.layer.4.attention.v_lin.weight: 589824
[2026-05-29 22:32:34,263 INFO] kg: tail_bert.transformer.layer.4.attention.v_lin.bias: 768
[2026-05-29 22:32:34,263 INFO] kg: tail_bert.transformer.layer.4.attention.out_lin.weight: 589824
[2026-05-29 22:32:34,263 INFO] kg: tail_bert.transformer.layer.4.attention.out_lin.bias: 768
[2026-05-29 22:32:34,263 INFO] kg: tail_bert.transformer.layer.4.sa_layer_norm.weight: 768
[2026-05-29 22:32:34,263 INFO] kg: tail_bert.transformer.layer.4.sa_layer_norm.bias: 768
[2026-05-29 22:32:34,263 INFO] kg: tail_bert.transformer.layer.4.ffn.lin1.weight: 2359296
[2026-05-29 22:32:34,263 INFO] kg: tail_bert.transformer.layer.4.ffn.lin1.bias: 3072
[2026-05-29 22:32:34,263 INFO] kg: tail_bert.transformer.layer.4.ffn.lin2.weight: 2359296
[2026-05-29 22:32:34,263 INFO] kg: tail_bert.transformer.layer.4.ffn.lin2.bias: 768
[2026-05-29 22:32:34,263 INFO] kg: tail_bert.transformer.layer.4.output_layer_norm.weight: 768
[2026-05-29 22:32:34,263 INFO] kg: tail_bert.transformer.layer.4.output_layer_norm.bias: 768
[2026-05-29 22:32:34,263 INFO] kg: tail_bert.transformer.layer.5.attention.q_lin.weight: 589824
[2026-05-29 22:32:34,263 INFO] kg: tail_bert.transformer.layer.5.attention.q_lin.bias: 768
[2026-05-29 22:32:34,263 INFO] kg: tail_bert.transformer.layer.5.attention.k_lin.weight: 589824
[2026-05-29 22:32:34,263 INFO] kg: tail_bert.transformer.layer.5.attention.k_lin.bias: 768
[2026-05-29 22:32:34,263 INFO] kg: tail_bert.transformer.layer.5.attention.v_lin.weight: 589824
[2026-05-29 22:32:34,263 INFO] kg: tail_bert.transformer.layer.5.attention.v_lin.bias: 768
[2026-05-29 22:32:34,263 INFO] kg: tail_bert.transformer.layer.5.attention.out_lin.weight: 589824
[2026-05-29 22:32:34,263 INFO] kg: tail_bert.transformer.layer.5.attention.out_lin.bias: 768
[2026-05-29 22:32:34,263 INFO] kg: tail_bert.transformer.layer.5.sa_layer_norm.weight: 768
[2026-05-29 22:32:34,263 INFO] kg: tail_bert.transformer.layer.5.sa_layer_norm.bias: 768
[2026-05-29 22:32:34,263 INFO] kg: tail_bert.transformer.layer.5.ffn.lin1.weight: 2359296
[2026-05-29 22:32:34,263 INFO] kg: tail_bert.transformer.layer.5.ffn.lin1.bias: 3072
[2026-05-29 22:32:34,263 INFO] kg: tail_bert.transformer.layer.5.ffn.lin2.weight: 2359296
[2026-05-29 22:32:34,264 INFO] kg: tail_bert.transformer.layer.5.ffn.lin2.bias: 768
[2026-05-29 22:32:34,264 INFO] kg: tail_bert.transformer.layer.5.output_layer_norm.weight: 768
[2026-05-29 22:32:34,264 INFO] kg: tail_bert.transformer.layer.5.output_layer_norm.bias: 768
[2026-05-29 22:32:34,264 INFO] kg: Number of parameters: 132M
[2026-05-29 22:32:34,264 INFO] kg: In test mode: False
[2026-05-29 22:32:34,335 INFO] kg: Load 86835 examples from data/WN18RR/preprocessed/train.txt.json
[2026-05-29 22:32:34,528 INFO] kg: In test mode: False
[2026-05-29 22:32:34,531 INFO] kg: Load 3034 examples from data/WN18RR/preprocessed/valid.txt.json
[2026-05-29 22:32:34,533 INFO] kg: Total training steps: 16959, warmup steps: 400
[2026-05-29 22:32:34,554 INFO] kg: Start to build link graph from data/WN18RR/preprocessed/train.txt.json
[2026-05-29 22:32:34,556 INFO] kg: Start to build link graph from data/WN18RR/preprocessed/train.txt.json
[2026-05-29 22:32:34,702 INFO] kg: Done build link graph with 40559 nodes
[2026-05-29 22:32:34,706 INFO] kg: Done build link graph with 40559 nodes
[2026-05-29 22:33:05,035 INFO] kg: Epoch: [0][  0/339]	Loss 9.383 (9.383)	InvT  20.00 ( 20.00)	Acc@1  13.48 ( 13.48)	Acc@3  27.15 ( 27.15)
[2026-05-29 22:33:34,994 INFO] kg: Epoch: [0][  1/339]	Loss 9.227 (9.305)	InvT  20.00 ( 20.00)	Acc@1  13.28 ( 13.38)	Acc@3  29.30 ( 28.22)
[2026-05-29 22:34:04,730 INFO] kg: Epoch: [0][  2/339]	Loss 9.338 (9.316)	InvT  20.00 ( 20.00)	Acc@1  15.23 ( 14.00)	Acc@3  28.91 ( 28.45)
[2026-05-29 22:34:34,131 INFO] kg: Epoch: [0][  3/339]	Loss 9.449 (9.349)	InvT  20.00 ( 20.00)	Acc@1  15.04 ( 14.26)	Acc@3  28.32 ( 28.42)
[2026-05-29 22:35:03,425 INFO] kg: Epoch: [0][  4/339]	Loss 9.258 (9.331)	InvT  20.00 ( 20.00)	Acc@1  14.65 ( 14.34)	Acc@3  29.49 ( 28.63)
[2026-05-29 22:35:32,801 INFO] kg: Epoch: [0][  5/339]	Loss 9.137 (9.299)	InvT  20.00 ( 20.00)	Acc@1  16.21 ( 14.65)	Acc@3  30.08 ( 28.87)
[2026-05-29 22:36:02,034 INFO] kg: Epoch: [0][  6/339]	Loss 9.258 (9.293)	InvT  20.00 ( 20.00)	Acc@1  15.23 ( 14.73)	Acc@3  29.10 ( 28.91)
[2026-05-29 22:36:31,299 INFO] kg: Epoch: [0][  7/339]	Loss 9.077 (9.266)	InvT  20.00 ( 20.00)	Acc@1  16.60 ( 14.97)	Acc@3  32.81 ( 29.39)
[2026-05-29 22:37:00,543 INFO] kg: Epoch: [0][  8/339]	Loss 9.133 (9.251)	InvT  20.00 ( 20.00)	Acc@1  17.19 ( 15.21)	Acc@3  28.52 ( 29.30)
[2026-05-29 22:37:29,765 INFO] kg: Epoch: [0][  9/339]	Loss 9.245 (9.25)	InvT  20.00 ( 20.00)	Acc@1  13.09 ( 15.00)	Acc@3  27.93 ( 29.16)
[2026-05-29 22:37:59,051 INFO] kg: Epoch: [0][ 10/339]	Loss 9.241 (9.25)	InvT  20.00 ( 20.00)	Acc@1  16.80 ( 15.16)	Acc@3  29.49 ( 29.19)
[2026-05-29 22:38:28,206 INFO] kg: Epoch: [0][ 11/339]	Loss 8.939 (9.224)	InvT  20.00 ( 20.00)	Acc@1  16.02 ( 15.23)	Acc@3  30.86 ( 29.33)
[2026-05-29 22:38:57,481 INFO] kg: Epoch: [0][ 12/339]	Loss 9.057 (9.211)	InvT  20.00 ( 20.00)	Acc@1  15.04 ( 15.22)	Acc@3  29.10 ( 29.31)
[2026-05-29 22:39:26,744 INFO] kg: Epoch: [0][ 13/339]	Loss 8.953 (9.192)	InvT  20.00 ( 20.00)	Acc@1  17.19 ( 15.36)	Acc@3  32.81 ( 29.56)
[2026-05-29 22:39:55,969 INFO] kg: Epoch: [0][ 14/339]	Loss 8.772 (9.164)	InvT  20.00 ( 20.00)	Acc@1  16.41 ( 15.43)	Acc@3  32.62 ( 29.77)
[2026-05-29 22:40:25,095 INFO] kg: Epoch: [0][ 15/339]	Loss 8.896 (9.148)	InvT  20.00 ( 20.00)	Acc@1  17.19 ( 15.54)	Acc@3  32.23 ( 29.92)
[2026-05-29 22:40:54,257 INFO] kg: Epoch: [0][ 16/339]	Loss 8.776 (9.126)	InvT  20.00 ( 20.00)	Acc@1  18.36 ( 15.71)	Acc@3  34.96 ( 30.22)
[2026-05-29 22:41:23,532 INFO] kg: Epoch: [0][ 17/339]	Loss 8.536 (9.093)	InvT  20.00 ( 20.00)	Acc@1  18.75 ( 15.87)	Acc@3  36.33 ( 30.56)
[2026-05-29 22:41:52,943 INFO] kg: Epoch: [0][ 18/339]	Loss 8.925 (9.084)	InvT  20.00 ( 20.00)	Acc@1  14.26 ( 15.79)	Acc@3  29.10 ( 30.48)
[2026-05-29 22:42:22,192 INFO] kg: Epoch: [0][ 19/339]	Loss 8.538 (9.057)	InvT  20.00 ( 20.00)	Acc@1  16.21 ( 15.81)	Acc@3  34.18 ( 30.66)
[2026-05-29 22:42:51,320 INFO] kg: Epoch: [0][ 20/339]	Loss 8.125 (9.012)	InvT  20.00 ( 20.00)	Acc@1  24.61 ( 16.23)	Acc@3  40.23 ( 31.12)
[2026-05-29 22:43:20,519 INFO] kg: Epoch: [0][ 21/339]	Loss 8.241 (8.977)	InvT  20.00 ( 20.00)	Acc@1  23.44 ( 16.56)	Acc@3  36.52 ( 31.37)
[2026-05-29 22:43:49,644 INFO] kg: Epoch: [0][ 22/339]	Loss 8.272 (8.947)	InvT  20.00 ( 20.00)	Acc@1  20.12 ( 16.71)	Acc@3  38.28 ( 31.67)
[2026-05-29 22:44:18,725 INFO] kg: Epoch: [0][ 23/339]	Loss 8.08 (8.911)	InvT  20.00 ( 20.00)	Acc@1  23.83 ( 17.01)	Acc@3  39.84 ( 32.01)
[2026-05-29 22:44:47,825 INFO] kg: Epoch: [0][ 24/339]	Loss 8.148 (8.88)	InvT  20.00 ( 20.00)	Acc@1  20.70 ( 17.16)	Acc@3  36.72 ( 32.20)
[2026-05-29 22:45:16,869 INFO] kg: Epoch: [0][ 25/339]	Loss 7.769 (8.837)	InvT  20.00 ( 20.00)	Acc@1  21.48 ( 17.32)	Acc@3  40.43 ( 32.51)
[2026-05-29 22:45:45,959 INFO] kg: Epoch: [0][ 26/339]	Loss 7.801 (8.799)	InvT  20.00 ( 20.00)	Acc@1  24.22 ( 17.58)	Acc@3  42.19 ( 32.87)
[2026-05-29 22:46:15,066 INFO] kg: Epoch: [0][ 27/339]	Loss 7.534 (8.754)	InvT  20.00 ( 20.00)	Acc@1  27.54 ( 17.93)	Acc@3  44.14 ( 33.27)
[2026-05-29 22:46:44,141 INFO] kg: Epoch: [0][ 28/339]	Loss 7.702 (8.717)	InvT  20.00 ( 20.00)	Acc@1  24.02 ( 18.14)	Acc@3  39.84 ( 33.50)
[2026-05-29 22:47:13,276 INFO] kg: Epoch: [0][ 29/339]	Loss 7.229 (8.668)	InvT  20.00 ( 20.00)	Acc@1  28.52 ( 18.49)	Acc@3  47.66 ( 33.97)
[2026-05-29 22:47:42,446 INFO] kg: Epoch: [0][ 30/339]	Loss 7.339 (8.625)	InvT  20.00 ( 20.00)	Acc@1  26.76 ( 18.76)	Acc@3  42.19 ( 34.24)
[2026-05-29 22:48:11,613 INFO] kg: Epoch: [0][ 31/339]	Loss 7.261 (8.582)	InvT  20.00 ( 20.00)	Acc@1  27.54 ( 19.03)	Acc@3  47.85 ( 34.66)
[2026-05-29 22:48:40,703 INFO] kg: Epoch: [0][ 32/339]	Loss 7.331 (8.544)	InvT  20.00 ( 20.00)	Acc@1  25.20 ( 19.22)	Acc@3  42.38 ( 34.90)
[2026-05-29 22:49:09,873 INFO] kg: Epoch: [0][ 33/339]	Loss 6.865 (8.495)	InvT  20.00 ( 20.00)	Acc@1  31.25 ( 19.57)	Acc@3  52.34 ( 35.41)
[2026-05-29 22:49:39,028 INFO] kg: Epoch: [0][ 34/339]	Loss 7.102 (8.455)	InvT  20.00 ( 20.00)	Acc@1  25.00 ( 19.73)	Acc@3  45.31 ( 35.69)
[2026-05-29 22:50:08,132 INFO] kg: Epoch: [0][ 35/339]	Loss 7.023 (8.415)	InvT  20.00 ( 20.00)	Acc@1  27.34 ( 19.94)	Acc@3  44.92 ( 35.95)
[2026-05-29 22:50:37,248 INFO] kg: Epoch: [0][ 36/339]	Loss 6.774 (8.371)	InvT  20.00 ( 20.00)	Acc@1  27.34 ( 20.14)	Acc@3  47.46 ( 36.26)
[2026-05-29 22:51:06,419 INFO] kg: Epoch: [0][ 37/339]	Loss 6.709 (8.327)	InvT  20.00 ( 20.00)	Acc@1  29.69 ( 20.39)	Acc@3  49.22 ( 36.60)
[2026-05-29 22:51:35,570 INFO] kg: Epoch: [0][ 38/339]	Loss 6.734 (8.287)	InvT  20.00 ( 20.00)	Acc@1  30.08 ( 20.64)	Acc@3  47.07 ( 36.87)
[2026-05-29 22:52:04,850 INFO] kg: Epoch: [0][ 39/339]	Loss 6.398 (8.239)	InvT  20.00 ( 20.00)	Acc@1  33.59 ( 20.96)	Acc@3  53.32 ( 37.28)
[2026-05-29 22:52:34,071 INFO] kg: Epoch: [0][ 40/339]	Loss 6.155 (8.188)	InvT  20.00 ( 20.00)	Acc@1  34.57 ( 21.29)	Acc@3  54.30 ( 37.70)
[2026-05-29 22:53:03,279 INFO] kg: Epoch: [0][ 41/339]	Loss 6.379 (8.145)	InvT  20.00 ( 20.00)	Acc@1  33.40 ( 21.58)	Acc@3  49.41 ( 37.97)
[2026-05-29 22:53:32,475 INFO] kg: Epoch: [0][ 42/339]	Loss 6.421 (8.105)	InvT  20.00 ( 20.00)	Acc@1  30.47 ( 21.79)	Acc@3  51.95 ( 38.30)
[2026-05-29 22:54:01,575 INFO] kg: Epoch: [0][ 43/339]	Loss 6.309 (8.064)	InvT  20.00 ( 20.00)	Acc@1  31.25 ( 22.00)	Acc@3  53.12 ( 38.64)
[2026-05-29 22:54:30,771 INFO] kg: Epoch: [0][ 44/339]	Loss 6.231 (8.024)	InvT  20.00 ( 20.00)	Acc@1  32.42 ( 22.24)	Acc@3  52.54 ( 38.95)
[2026-05-29 22:54:59,878 INFO] kg: Epoch: [0][ 45/339]	Loss 6.157 (7.983)	InvT  20.00 ( 20.00)	Acc@1  33.01 ( 22.47)	Acc@3  51.95 ( 39.23)
[2026-05-29 22:55:29,012 INFO] kg: Epoch: [0][ 46/339]	Loss 5.927 (7.939)	InvT  20.00 ( 20.00)	Acc@1  35.35 ( 22.74)	Acc@3  53.91 ( 39.54)
[2026-05-29 22:55:58,165 INFO] kg: Epoch: [0][ 47/339]	Loss 6.04 (7.9)	InvT  20.00 ( 20.00)	Acc@1  33.59 ( 22.97)	Acc@3  54.10 ( 39.84)
[2026-05-29 22:56:27,272 INFO] kg: Epoch: [0][ 48/339]	Loss 6.031 (7.862)	InvT  20.00 ( 20.00)	Acc@1  37.11 ( 23.26)	Acc@3  55.08 ( 40.15)
[2026-05-29 22:56:56,433 INFO] kg: Epoch: [0][ 49/339]	Loss 6.168 (7.828)	InvT  20.00 ( 20.00)	Acc@1  33.01 ( 23.45)	Acc@3  51.37 ( 40.38)
[2026-05-29 22:57:25,560 INFO] kg: Epoch: [0][ 50/339]	Loss 6.042 (7.793)	InvT  20.00 ( 20.00)	Acc@1  32.62 ( 23.63)	Acc@3  52.34 ( 40.61)
[2026-05-29 22:57:54,739 INFO] kg: Epoch: [0][ 51/339]	Loss 5.795 (7.754)	InvT  20.00 ( 20.00)	Acc@1  36.33 ( 23.88)	Acc@3  56.05 ( 40.91)
[2026-05-29 22:58:23,873 INFO] kg: Epoch: [0][ 52/339]	Loss 5.505 (7.712)	InvT  20.00 ( 20.00)	Acc@1  36.91 ( 24.12)	Acc@3  57.23 ( 41.22)
[2026-05-29 22:58:53,042 INFO] kg: Epoch: [0][ 53/339]	Loss 5.658 (7.674)	InvT  20.00 ( 20.00)	Acc@1  38.09 ( 24.38)	Acc@3  59.18 ( 41.55)
[2026-05-29 22:59:22,175 INFO] kg: Epoch: [0][ 54/339]	Loss 5.505 (7.634)	InvT  20.00 ( 20.00)	Acc@1  39.84 ( 24.66)	Acc@3  58.40 ( 41.86)
[2026-05-29 22:59:51,341 INFO] kg: Epoch: [0][ 55/339]	Loss 5.761 (7.601)	InvT  20.00 ( 20.00)	Acc@1  38.48 ( 24.91)	Acc@3  60.35 ( 42.19)
[2026-05-29 23:00:20,471 INFO] kg: Epoch: [0][ 56/339]	Loss 5.336 (7.561)	InvT  20.00 ( 20.00)	Acc@1  38.09 ( 25.14)	Acc@3  57.23 ( 42.45)
[2026-05-29 23:00:49,577 INFO] kg: Epoch: [0][ 57/339]	Loss 5.345 (7.523)	InvT  20.00 ( 20.00)	Acc@1  36.13 ( 25.33)	Acc@3  58.20 ( 42.72)
[2026-05-29 23:01:18,787 INFO] kg: Epoch: [0][ 58/339]	Loss 5.344 (7.486)	InvT  20.00 ( 20.00)	Acc@1  40.43 ( 25.59)	Acc@3  61.72 ( 43.04)
[2026-05-29 23:01:47,912 INFO] kg: Epoch: [0][ 59/339]	Loss 5.191 (7.448)	InvT  20.00 ( 20.00)	Acc@1  39.65 ( 25.82)	Acc@3  62.30 ( 43.37)
[2026-05-29 23:02:17,114 INFO] kg: Epoch: [0][ 60/339]	Loss 5.86 (7.422)	InvT  20.00 ( 20.00)	Acc@1  35.55 ( 25.98)	Acc@3  56.05 ( 43.57)
[2026-05-29 23:02:46,323 INFO] kg: Epoch: [0][ 61/339]	Loss 5.094 (7.384)	InvT  20.00 ( 20.00)	Acc@1  41.60 ( 26.23)	Acc@3  63.09 ( 43.89)
[2026-05-29 23:03:15,503 INFO] kg: Epoch: [0][ 62/339]	Loss 5.259 (7.351)	InvT  20.00 ( 20.00)	Acc@1  39.84 ( 26.45)	Acc@3  59.96 ( 44.14)
[2026-05-29 23:03:44,655 INFO] kg: Epoch: [0][ 63/339]	Loss 5.546 (7.322)	InvT  20.00 ( 20.00)	Acc@1  41.41 ( 26.68)	Acc@3  60.74 ( 44.40)
[2026-05-29 23:04:13,748 INFO] kg: Epoch: [0][ 64/339]	Loss 5.24 (7.29)	InvT  20.00 ( 20.00)	Acc@1  41.80 ( 26.91)	Acc@3  62.11 ( 44.68)
[2026-05-29 23:04:42,878 INFO] kg: Epoch: [0][ 65/339]	Loss 5.314 (7.26)	InvT  20.00 ( 20.00)	Acc@1  40.82 ( 27.12)	Acc@3  60.16 ( 44.91)
[2026-05-29 23:05:12,043 INFO] kg: Epoch: [0][ 66/339]	Loss 5.262 (7.231)	InvT  20.00 ( 20.00)	Acc@1  43.36 ( 27.37)	Acc@3  63.87 ( 45.19)
[2026-05-29 23:05:41,177 INFO] kg: Epoch: [0][ 67/339]	Loss 5.086 (7.199)	InvT  20.00 ( 20.00)	Acc@1  40.23 ( 27.56)	Acc@3  60.94 ( 45.42)
[2026-05-29 23:06:10,299 INFO] kg: Epoch: [0][ 68/339]	Loss 5.082 (7.168)	InvT  20.00 ( 20.00)	Acc@1  43.75 ( 27.79)	Acc@3  62.89 ( 45.68)
[2026-05-29 23:06:39,546 INFO] kg: Epoch: [0][ 69/339]	Loss 4.824 (7.135)	InvT  20.00 ( 20.00)	Acc@1  42.38 ( 28.00)	Acc@3  65.04 ( 45.95)
[2026-05-29 23:07:08,711 INFO] kg: Epoch: [0][ 70/339]	Loss 5.24 (7.108)	InvT  20.00 ( 20.00)	Acc@1  41.02 ( 28.18)	Acc@3  61.72 ( 46.18)
[2026-05-29 23:07:37,921 INFO] kg: Epoch: [0][ 71/339]	Loss 4.894 (7.077)	InvT  20.00 ( 20.00)	Acc@1  44.34 ( 28.41)	Acc@3  66.60 ( 46.46)
[2026-05-29 23:08:07,178 INFO] kg: Epoch: [0][ 72/339]	Loss 4.808 (7.046)	InvT  20.00 ( 20.00)	Acc@1  44.73 ( 28.63)	Acc@3  65.04 ( 46.71)
[2026-05-29 23:08:36,317 INFO] kg: Epoch: [0][ 73/339]	Loss 4.984 (7.018)	InvT  20.00 ( 20.00)	Acc@1  45.12 ( 28.85)	Acc@3  66.21 ( 46.98)
[2026-05-29 23:09:05,462 INFO] kg: Epoch: [0][ 74/339]	Loss 5.027 (6.992)	InvT  20.00 ( 20.00)	Acc@1  45.51 ( 29.08)	Acc@3  63.28 ( 47.20)
[2026-05-29 23:09:34,573 INFO] kg: Epoch: [0][ 75/339]	Loss 4.845 (6.964)	InvT  20.00 ( 20.00)	Acc@1  45.90 ( 29.30)	Acc@3  65.23 ( 47.43)
[2026-05-29 23:10:03,716 INFO] kg: Epoch: [0][ 76/339]	Loss 5.064 (6.939)	InvT  20.00 ( 20.00)	Acc@1  45.31 ( 29.50)	Acc@3  63.67 ( 47.64)
[2026-05-29 23:10:32,884 INFO] kg: Epoch: [0][ 77/339]	Loss 4.978 (6.914)	InvT  20.00 ( 20.00)	Acc@1  42.19 ( 29.67)	Acc@3  63.87 ( 47.85)
[2026-05-29 23:11:02,017 INFO] kg: Epoch: [0][ 78/339]	Loss 4.575 (6.884)	InvT  20.00 ( 20.00)	Acc@1  46.88 ( 29.89)	Acc@3  67.38 ( 48.10)
[2026-05-29 23:11:31,176 INFO] kg: Epoch: [0][ 79/339]	Loss 4.664 (6.856)	InvT  20.00 ( 20.00)	Acc@1  45.51 ( 30.08)	Acc@3  65.82 ( 48.32)
[2026-05-29 23:12:00,388 INFO] kg: Epoch: [0][ 80/339]	Loss 4.706 (6.83)	InvT  20.00 ( 20.00)	Acc@1  46.29 ( 30.28)	Acc@3  67.77 ( 48.56)
[2026-05-29 23:12:29,566 INFO] kg: Epoch: [0][ 81/339]	Loss 4.402 (6.8)	InvT  20.00 ( 20.00)	Acc@1  46.88 ( 30.48)	Acc@3  69.73 ( 48.82)
[2026-05-29 23:12:58,679 INFO] kg: Epoch: [0][ 82/339]	Loss 4.338 (6.771)	InvT  20.00 ( 20.00)	Acc@1  46.68 ( 30.68)	Acc@3  69.34 ( 49.07)
[2026-05-29 23:13:27,813 INFO] kg: Epoch: [0][ 83/339]	Loss 4.805 (6.747)	InvT  20.00 ( 20.00)	Acc@1  46.68 ( 30.87)	Acc@3  66.99 ( 49.28)
[2026-05-29 23:13:56,907 INFO] kg: Epoch: [0][ 84/339]	Loss 5.238 (6.729)	InvT  20.00 ( 20.00)	Acc@1  41.99 ( 31.00)	Acc@3  63.48 ( 49.45)
[2026-05-29 23:14:26,514 INFO] kg: Epoch: [0][ 85/339]	Loss 4.776 (6.707)	InvT  20.01 ( 20.00)	Acc@1  43.16 ( 31.14)	Acc@3  66.60 ( 49.65)
[2026-05-29 23:14:56,160 INFO] kg: Epoch: [0][ 86/339]	Loss 4.625 (6.683)	InvT  20.01 ( 20.00)	Acc@1  48.83 ( 31.34)	Acc@3  68.95 ( 49.87)
[2026-05-29 23:15:25,435 INFO] kg: Epoch: [0][ 87/339]	Loss 4.871 (6.662)	InvT  20.01 ( 20.00)	Acc@1  46.68 ( 31.52)	Acc@3  66.99 ( 50.06)
[2026-05-29 23:15:54,693 INFO] kg: Epoch: [0][ 88/339]	Loss 4.693 (6.64)	InvT  20.01 ( 20.00)	Acc@1  48.05 ( 31.70)	Acc@3  66.60 ( 50.25)
[2026-05-29 23:16:23,874 INFO] kg: Epoch: [0][ 89/339]	Loss 4.71 (6.619)	InvT  20.01 ( 20.00)	Acc@1  47.66 ( 31.88)	Acc@3  69.92 ( 50.47)
[2026-05-29 23:16:53,068 INFO] kg: Epoch: [0][ 90/339]	Loss 4.831 (6.599)	InvT  20.01 ( 20.00)	Acc@1  44.53 ( 32.02)	Acc@3  66.02 ( 50.64)
[2026-05-29 23:17:22,286 INFO] kg: Epoch: [0][ 91/339]	Loss 4.964 (6.581)	InvT  20.01 ( 20.00)	Acc@1  45.31 ( 32.16)	Acc@3  64.84 ( 50.79)
[2026-05-29 23:17:51,470 INFO] kg: Epoch: [0][ 92/339]	Loss 4.372 (6.558)	InvT  20.01 ( 20.00)	Acc@1  49.41 ( 32.35)	Acc@3  73.63 ( 51.04)
[2026-05-29 23:18:20,663 INFO] kg: Epoch: [0][ 93/339]	Loss 4.572 (6.536)	InvT  20.01 ( 20.00)	Acc@1  45.70 ( 32.49)	Acc@3  70.70 ( 51.25)
[2026-05-29 23:18:49,805 INFO] kg: Epoch: [0][ 94/339]	Loss 4.684 (6.517)	InvT  20.00 ( 20.00)	Acc@1  47.85 ( 32.65)	Acc@3  69.34 ( 51.44)
[2026-05-29 23:19:19,012 INFO] kg: Epoch: [0][ 95/339]	Loss 4.84 (6.499)	InvT  20.00 ( 20.00)	Acc@1  46.29 ( 32.80)	Acc@3  65.62 ( 51.58)
[2026-05-29 23:19:48,135 INFO] kg: Epoch: [0][ 96/339]	Loss 4.395 (6.478)	InvT  20.00 ( 20.00)	Acc@1  49.22 ( 32.97)	Acc@3  70.70 ( 51.78)
[2026-05-29 23:20:17,290 INFO] kg: Epoch: [0][ 97/339]	Loss 4.719 (6.46)	InvT  20.00 ( 20.00)	Acc@1  48.24 ( 33.12)	Acc@3  67.97 ( 51.95)
[2026-05-29 23:20:46,466 INFO] kg: Epoch: [0][ 98/339]	Loss 4.712 (6.442)	InvT  20.00 ( 20.00)	Acc@1  45.51 ( 33.25)	Acc@3  65.23 ( 52.08)
[2026-05-29 23:21:15,705 INFO] kg: Epoch: [0][ 99/339]	Loss 4.37 (6.421)	InvT  20.00 ( 20.00)	Acc@1  48.24 ( 33.40)	Acc@3  70.12 ( 52.26)
[2026-05-29 23:21:44,900 INFO] kg: Epoch: [0][100/339]	Loss 4.179 (6.399)	InvT  20.00 ( 20.00)	Acc@1  49.61 ( 33.56)	Acc@3  71.68 ( 52.45)
[2026-05-29 23:22:14,010 INFO] kg: Epoch: [0][101/339]	Loss 4.591 (6.381)	InvT  20.00 ( 20.00)	Acc@1  47.85 ( 33.70)	Acc@3  66.60 ( 52.59)
[2026-05-29 23:22:43,140 INFO] kg: Epoch: [0][102/339]	Loss 4.255 (6.361)	InvT  20.00 ( 20.00)	Acc@1  51.56 ( 33.87)	Acc@3  72.46 ( 52.79)
[2026-05-29 23:23:12,333 INFO] kg: Epoch: [0][103/339]	Loss 4.279 (6.341)	InvT  20.00 ( 20.00)	Acc@1  52.15 ( 34.05)	Acc@3  69.53 ( 52.95)
[2026-05-29 23:23:41,521 INFO] kg: Epoch: [0][104/339]	Loss 4.454 (6.323)	InvT  20.00 ( 20.00)	Acc@1  48.44 ( 34.18)	Acc@3  71.09 ( 53.12)
[2026-05-29 23:24:10,764 INFO] kg: Epoch: [0][105/339]	Loss 4.726 (6.308)	InvT  20.00 ( 20.00)	Acc@1  44.73 ( 34.28)	Acc@3  68.16 ( 53.26)
[2026-05-29 23:24:39,954 INFO] kg: Epoch: [0][106/339]	Loss 4.448 (6.29)	InvT  20.00 ( 20.00)	Acc@1  45.90 ( 34.39)	Acc@3  71.68 ( 53.43)
[2026-05-29 23:25:09,149 INFO] kg: Epoch: [0][107/339]	Loss 4.421 (6.273)	InvT  20.00 ( 20.00)	Acc@1  46.48 ( 34.50)	Acc@3  71.29 ( 53.60)
[2026-05-29 23:25:38,352 INFO] kg: Epoch: [0][108/339]	Loss 4.251 (6.255)	InvT  20.00 ( 20.00)	Acc@1  51.56 ( 34.66)	Acc@3  74.02 ( 53.79)
[2026-05-29 23:26:07,512 INFO] kg: Epoch: [0][109/339]	Loss 4.464 (6.238)	InvT  20.00 ( 20.00)	Acc@1  47.85 ( 34.78)	Acc@3  68.75 ( 53.92)
[2026-05-29 23:26:36,740 INFO] kg: Epoch: [0][110/339]	Loss 4.317 (6.221)	InvT  20.00 ( 20.00)	Acc@1  48.05 ( 34.90)	Acc@3  70.70 ( 54.07)
[2026-05-29 23:27:05,895 INFO] kg: Epoch: [0][111/339]	Loss 4.176 (6.203)	InvT  20.00 ( 20.00)	Acc@1  49.61 ( 35.03)	Acc@3  70.31 ( 54.22)
[2026-05-29 23:27:35,048 INFO] kg: Epoch: [0][112/339]	Loss 4.708 (6.189)	InvT  20.00 ( 20.00)	Acc@1  44.53 ( 35.11)	Acc@3  65.82 ( 54.32)
[2026-05-29 23:28:04,171 INFO] kg: Epoch: [0][113/339]	Loss 4.237 (6.172)	InvT  20.00 ( 20.00)	Acc@1  49.22 ( 35.24)	Acc@3  71.68 ( 54.47)
[2026-05-29 23:28:33,284 INFO] kg: Epoch: [0][114/339]	Loss 3.846 (6.152)	InvT  20.00 ( 20.00)	Acc@1  53.32 ( 35.40)	Acc@3  73.44 ( 54.64)
[2026-05-29 23:29:02,494 INFO] kg: Epoch: [0][115/339]	Loss 4.335 (6.136)	InvT  20.00 ( 20.00)	Acc@1  48.44 ( 35.51)	Acc@3  69.92 ( 54.77)
[2026-05-29 23:29:31,678 INFO] kg: Epoch: [0][116/339]	Loss 4.457 (6.122)	InvT  20.00 ( 20.00)	Acc@1  46.88 ( 35.61)	Acc@3  69.14 ( 54.89)
[2026-05-29 23:30:00,820 INFO] kg: Epoch: [0][117/339]	Loss 4.109 (6.105)	InvT  20.00 ( 20.00)	Acc@1  50.00 ( 35.73)	Acc@3  70.90 ( 55.03)
[2026-05-29 23:30:29,961 INFO] kg: Epoch: [0][118/339]	Loss 3.991 (6.087)	InvT  20.00 ( 20.00)	Acc@1  53.32 ( 35.88)	Acc@3  74.41 ( 55.19)
[2026-05-29 23:30:59,106 INFO] kg: Epoch: [0][119/339]	Loss 4.283 (6.072)	InvT  20.00 ( 20.00)	Acc@1  48.83 ( 35.98)	Acc@3  71.88 ( 55.33)
[2026-05-29 23:31:28,284 INFO] kg: Epoch: [0][120/339]	Loss 4.072 (6.056)	InvT  20.00 ( 20.00)	Acc@1  53.32 ( 36.13)	Acc@3  73.24 ( 55.48)
[2026-05-29 23:31:57,570 INFO] kg: Epoch: [0][121/339]	Loss 4.234 (6.041)	InvT  20.00 ( 20.00)	Acc@1  51.17 ( 36.25)	Acc@3  71.29 ( 55.61)
[2026-05-29 23:32:26,749 INFO] kg: Epoch: [0][122/339]	Loss 4.324 (6.027)	InvT  20.00 ( 20.00)	Acc@1  46.29 ( 36.33)	Acc@3  68.16 ( 55.71)
[2026-05-29 23:32:55,854 INFO] kg: Epoch: [0][123/339]	Loss 4.185 (6.012)	InvT  20.00 ( 20.00)	Acc@1  50.78 ( 36.45)	Acc@3  73.24 ( 55.85)
[2026-05-29 23:33:25,072 INFO] kg: Epoch: [0][124/339]	Loss 4.304 (5.998)	InvT  20.00 ( 20.00)	Acc@1  50.59 ( 36.56)	Acc@3  69.14 ( 55.96)
[2026-05-29 23:33:54,306 INFO] kg: Epoch: [0][125/339]	Loss 4.199 (5.984)	InvT  20.00 ( 20.00)	Acc@1  51.17 ( 36.68)	Acc@3  72.46 ( 56.09)
[2026-05-29 23:34:23,441 INFO] kg: Epoch: [0][126/339]	Loss 4.28 (5.971)	InvT  20.00 ( 20.00)	Acc@1  47.85 ( 36.76)	Acc@3  69.92 ( 56.20)
[2026-05-29 23:34:52,624 INFO] kg: Epoch: [0][127/339]	Loss 4.195 (5.957)	InvT  20.00 ( 20.00)	Acc@1  52.15 ( 36.89)	Acc@3  70.51 ( 56.31)
[2026-05-29 23:35:21,753 INFO] kg: Epoch: [0][128/339]	Loss 4.092 (5.942)	InvT  20.00 ( 20.00)	Acc@1  50.00 ( 36.99)	Acc@3  70.31 ( 56.42)
[2026-05-29 23:35:50,906 INFO] kg: Epoch: [0][129/339]	Loss 4.202 (5.929)	InvT  20.00 ( 20.00)	Acc@1  50.20 ( 37.09)	Acc@3  70.12 ( 56.52)
[2026-05-29 23:36:20,096 INFO] kg: Epoch: [0][130/339]	Loss 4.084 (5.915)	InvT  20.00 ( 20.00)	Acc@1  52.15 ( 37.20)	Acc@3  71.68 ( 56.64)
[2026-05-29 23:36:49,237 INFO] kg: Epoch: [0][131/339]	Loss 4.01 (5.9)	InvT  20.00 ( 20.00)	Acc@1  50.20 ( 37.30)	Acc@3  74.02 ( 56.77)
[2026-05-29 23:37:18,370 INFO] kg: Epoch: [0][132/339]	Loss 4.063 (5.887)	InvT  20.00 ( 20.00)	Acc@1  51.56 ( 37.41)	Acc@3  71.68 ( 56.88)
[2026-05-29 23:37:47,530 INFO] kg: Epoch: [0][133/339]	Loss 4.167 (5.874)	InvT  20.00 ( 20.00)	Acc@1  52.34 ( 37.52)	Acc@3  68.95 ( 56.97)
[2026-05-29 23:38:16,668 INFO] kg: Epoch: [0][134/339]	Loss 4.165 (5.861)	InvT  20.00 ( 20.00)	Acc@1  50.00 ( 37.61)	Acc@3  73.63 ( 57.10)
[2026-05-29 23:38:45,758 INFO] kg: Epoch: [0][135/339]	Loss 3.967 (5.847)	InvT  20.00 ( 20.00)	Acc@1  50.39 ( 37.71)	Acc@3  73.44 ( 57.22)
[2026-05-29 23:39:14,875 INFO] kg: Epoch: [0][136/339]	Loss 3.965 (5.833)	InvT  20.00 ( 20.00)	Acc@1  54.69 ( 37.83)	Acc@3  74.61 ( 57.34)
[2026-05-29 23:39:44,021 INFO] kg: Epoch: [0][137/339]	Loss 4.062 (5.821)	InvT  20.00 ( 20.00)	Acc@1  49.22 ( 37.91)	Acc@3  69.92 ( 57.43)
[2026-05-29 23:40:13,182 INFO] kg: Epoch: [0][138/339]	Loss 4.072 (5.808)	InvT  20.00 ( 20.00)	Acc@1  52.34 ( 38.02)	Acc@3  75.59 ( 57.57)
[2026-05-29 23:40:42,315 INFO] kg: Epoch: [0][139/339]	Loss 3.932 (5.795)	InvT  20.00 ( 20.00)	Acc@1  53.32 ( 38.13)	Acc@3  73.44 ( 57.68)
[2026-05-29 23:41:11,469 INFO] kg: Epoch: [0][140/339]	Loss 4.009 (5.782)	InvT  20.00 ( 20.00)	Acc@1  49.61 ( 38.21)	Acc@3  73.44 ( 57.79)
[2026-05-29 23:41:40,603 INFO] kg: Epoch: [0][141/339]	Loss 4.255 (5.771)	InvT  20.00 ( 20.00)	Acc@1  51.37 ( 38.30)	Acc@3  73.63 ( 57.90)
[2026-05-29 23:42:09,796 INFO] kg: Epoch: [0][142/339]	Loss 3.742 (5.757)	InvT  20.00 ( 20.00)	Acc@1  56.05 ( 38.42)	Acc@3  75.20 ( 58.02)
[2026-05-29 23:42:38,946 INFO] kg: Epoch: [0][143/339]	Loss 3.817 (5.743)	InvT  20.00 ( 20.00)	Acc@1  53.52 ( 38.53)	Acc@3  76.17 ( 58.15)
[2026-05-29 23:43:08,123 INFO] kg: Epoch: [0][144/339]	Loss 3.962 (5.731)	InvT  20.00 ( 20.00)	Acc@1  52.34 ( 38.62)	Acc@3  72.27 ( 58.25)
[2026-05-29 23:43:37,290 INFO] kg: Epoch: [0][145/339]	Loss 3.846 (5.718)	InvT  20.00 ( 20.00)	Acc@1  54.69 ( 38.73)	Acc@3  76.95 ( 58.37)
[2026-05-29 23:44:06,425 INFO] kg: Epoch: [0][146/339]	Loss 3.798 (5.705)	InvT  20.00 ( 20.00)	Acc@1  53.91 ( 38.84)	Acc@3  75.39 ( 58.49)
[2026-05-29 23:44:35,529 INFO] kg: Epoch: [0][147/339]	Loss 3.952 (5.693)	InvT  20.00 ( 20.00)	Acc@1  53.32 ( 38.94)	Acc@3  75.78 ( 58.61)
[2026-05-29 23:45:04,672 INFO] kg: Epoch: [0][148/339]	Loss 3.812 (5.681)	InvT  20.00 ( 20.00)	Acc@1  53.32 ( 39.03)	Acc@3  74.80 ( 58.72)
[2026-05-29 23:45:33,895 INFO] kg: Epoch: [0][149/339]	Loss 3.903 (5.669)	InvT  20.00 ( 20.00)	Acc@1  51.95 ( 39.12)	Acc@3  74.22 ( 58.82)
[2026-05-29 23:46:03,442 INFO] kg: Epoch: [0][150/339]	Loss 3.576 (5.655)	InvT  20.00 ( 20.00)	Acc@1  54.69 ( 39.22)	Acc@3  77.73 ( 58.94)
[2026-05-29 23:46:32,703 INFO] kg: Epoch: [0][151/339]	Loss 3.638 (5.642)	InvT  20.00 ( 20.00)	Acc@1  57.62 ( 39.34)	Acc@3  79.30 ( 59.08)
[2026-05-29 23:47:01,916 INFO] kg: Epoch: [0][152/339]	Loss 3.69 (5.629)	InvT  20.00 ( 20.00)	Acc@1  53.32 ( 39.43)	Acc@3  75.78 ( 59.19)
[2026-05-29 23:47:31,276 INFO] kg: Epoch: [0][153/339]	Loss 3.785 (5.617)	InvT  20.00 ( 20.00)	Acc@1  52.54 ( 39.52)	Acc@3  75.59 ( 59.29)
[2026-05-29 23:48:00,884 INFO] kg: Epoch: [0][154/339]	Loss 3.753 (5.605)	InvT  20.00 ( 20.00)	Acc@1  55.86 ( 39.62)	Acc@3  77.73 ( 59.41)
[2026-05-29 23:48:30,152 INFO] kg: Epoch: [0][155/339]	Loss 3.843 (5.594)	InvT  20.00 ( 20.00)	Acc@1  52.15 ( 39.70)	Acc@3  73.05 ( 59.50)
[2026-05-29 23:48:59,363 INFO] kg: Epoch: [0][156/339]	Loss 3.885 (5.583)	InvT  20.00 ( 20.00)	Acc@1  53.12 ( 39.79)	Acc@3  74.61 ( 59.60)
[2026-05-29 23:49:28,560 INFO] kg: Epoch: [0][157/339]	Loss 3.872 (5.572)	InvT  20.00 ( 20.00)	Acc@1  53.52 ( 39.88)	Acc@3  72.85 ( 59.68)
[2026-05-29 23:49:57,753 INFO] kg: Epoch: [0][158/339]	Loss 3.792 (5.561)	InvT  20.00 ( 20.00)	Acc@1  53.71 ( 39.96)	Acc@3  77.93 ( 59.80)
[2026-05-29 23:50:26,871 INFO] kg: Epoch: [0][159/339]	Loss 3.487 (5.548)	InvT  20.00 ( 20.00)	Acc@1  55.86 ( 40.06)	Acc@3  77.73 ( 59.91)
[2026-05-29 23:50:55,976 INFO] kg: Epoch: [0][160/339]	Loss 3.72 (5.536)	InvT  20.00 ( 20.00)	Acc@1  57.03 ( 40.17)	Acc@3  75.20 ( 60.00)
[2026-05-29 23:51:25,037 INFO] kg: Epoch: [0][161/339]	Loss 3.657 (5.525)	InvT  20.00 ( 20.00)	Acc@1  53.91 ( 40.25)	Acc@3  77.34 ( 60.11)
[2026-05-29 23:51:54,205 INFO] kg: Epoch: [0][162/339]	Loss 3.713 (5.514)	InvT  20.00 ( 20.00)	Acc@1  57.03 ( 40.36)	Acc@3  76.95 ( 60.21)
[2026-05-29 23:52:23,372 INFO] kg: Epoch: [0][163/339]	Loss 3.457 (5.501)	InvT  20.00 ( 20.00)	Acc@1  55.27 ( 40.45)	Acc@3  79.30 ( 60.33)
[2026-05-29 23:52:52,516 INFO] kg: Epoch: [0][164/339]	Loss 3.595 (5.49)	InvT  20.00 ( 20.00)	Acc@1  57.62 ( 40.55)	Acc@3  76.76 ( 60.43)
[2026-05-29 23:53:21,597 INFO] kg: Epoch: [0][165/339]	Loss 3.325 (5.477)	InvT  20.00 ( 20.00)	Acc@1  58.98 ( 40.66)	Acc@3  79.10 ( 60.54)
[2026-05-29 23:53:50,746 INFO] kg: Epoch: [0][166/339]	Loss 3.364 (5.464)	InvT  20.00 ( 20.00)	Acc@1  59.18 ( 40.77)	Acc@3  78.32 ( 60.65)
[2026-05-29 23:54:19,935 INFO] kg: Epoch: [0][167/339]	Loss 3.545 (5.453)	InvT  20.00 ( 20.00)	Acc@1  58.59 ( 40.88)	Acc@3  79.10 ( 60.76)
[2026-05-29 23:54:49,086 INFO] kg: Epoch: [0][168/339]	Loss 3.432 (5.441)	InvT  20.00 ( 20.00)	Acc@1  55.66 ( 40.97)	Acc@3  77.73 ( 60.86)
[2026-05-29 23:55:18,653 INFO] kg: Epoch: [0][169/339]	Loss 3.388 (5.429)	InvT  20.00 ( 20.00)	Acc@1  55.47 ( 41.05)	Acc@3  79.10 ( 60.97)
[2026-05-29 23:55:47,840 INFO] kg: Epoch: [0][170/339]	Loss 3.226 (5.416)	InvT  20.00 ( 20.00)	Acc@1  57.81 ( 41.15)	Acc@3  80.47 ( 61.08)
[2026-05-29 23:56:17,072 INFO] kg: Epoch: [0][171/339]	Loss 3.767 (5.406)	InvT  20.00 ( 20.00)	Acc@1  51.76 ( 41.21)	Acc@3  74.22 ( 61.16)
[2026-05-29 23:56:46,177 INFO] kg: Epoch: [0][172/339]	Loss 3.316 (5.394)	InvT  20.00 ( 20.00)	Acc@1  60.35 ( 41.32)	Acc@3  79.30 ( 61.26)
[2026-05-29 23:57:15,310 INFO] kg: Epoch: [0][173/339]	Loss 3.601 (5.384)	InvT  20.00 ( 20.00)	Acc@1  56.05 ( 41.41)	Acc@3  77.93 ( 61.36)
[2026-05-29 23:57:44,511 INFO] kg: Epoch: [0][174/339]	Loss 3.449 (5.373)	InvT  20.00 ( 20.00)	Acc@1  55.86 ( 41.49)	Acc@3  80.47 ( 61.47)
[2026-05-29 23:58:13,670 INFO] kg: Epoch: [0][175/339]	Loss 3.158 (5.36)	InvT  20.00 ( 20.00)	Acc@1  57.03 ( 41.58)	Acc@3  80.08 ( 61.57)
[2026-05-29 23:58:42,923 INFO] kg: Epoch: [0][176/339]	Loss 3.072 (5.347)	InvT  20.01 ( 20.00)	Acc@1  60.94 ( 41.69)	Acc@3  81.05 ( 61.68)
[2026-05-29 23:59:12,065 INFO] kg: Epoch: [0][177/339]	Loss 3.379 (5.336)	InvT  20.01 ( 20.00)	Acc@1  58.79 ( 41.78)	Acc@3  79.49 ( 61.78)
[2026-05-29 23:59:41,315 INFO] kg: Epoch: [0][178/339]	Loss 3.727 (5.327)	InvT  20.01 ( 20.00)	Acc@1  55.27 ( 41.86)	Acc@3  74.80 ( 61.85)
[2026-05-30 00:00:11,421 INFO] kg: Epoch: [0][179/339]	Loss 3.346 (5.316)	InvT  20.01 ( 20.00)	Acc@1  59.38 ( 41.96)	Acc@3  79.69 ( 61.95)
[2026-05-30 00:00:40,648 INFO] kg: Epoch: [0][180/339]	Loss 3.291 (5.305)	InvT  20.01 ( 20.00)	Acc@1  62.11 ( 42.07)	Acc@3  78.32 ( 62.04)
[2026-05-30 00:01:09,831 INFO] kg: Epoch: [0][181/339]	Loss 3.377 (5.294)	InvT  20.01 ( 20.00)	Acc@1  58.01 ( 42.16)	Acc@3  80.27 ( 62.14)
[2026-05-30 00:01:39,013 INFO] kg: Epoch: [0][182/339]	Loss 3.247 (5.283)	InvT  20.01 ( 20.00)	Acc@1  60.94 ( 42.26)	Acc@3  79.30 ( 62.24)
[2026-05-30 00:02:08,189 INFO] kg: Epoch: [0][183/339]	Loss 3.332 (5.273)	InvT  20.01 ( 20.00)	Acc@1  59.38 ( 42.35)	Acc@3  79.49 ( 62.33)
[2026-05-30 00:02:37,383 INFO] kg: Epoch: [0][184/339]	Loss 3.108 (5.261)	InvT  20.01 ( 20.00)	Acc@1  63.09 ( 42.46)	Acc@3  82.23 ( 62.44)
[2026-05-30 00:03:06,565 INFO] kg: Epoch: [0][185/339]	Loss 3.305 (5.25)	InvT  20.01 ( 20.00)	Acc@1  62.89 ( 42.57)	Acc@3  80.08 ( 62.53)
[2026-05-30 00:03:35,755 INFO] kg: Epoch: [0][186/339]	Loss 3.446 (5.241)	InvT  20.01 ( 20.00)	Acc@1  57.62 ( 42.65)	Acc@3  79.10 ( 62.62)
[2026-05-30 00:04:04,873 INFO] kg: Epoch: [0][187/339]	Loss 3.294 (5.23)	InvT  20.01 ( 20.00)	Acc@1  58.40 ( 42.74)	Acc@3  80.27 ( 62.72)
[2026-05-30 00:04:34,055 INFO] kg: Epoch: [0][188/339]	Loss 3.238 (5.22)	InvT  20.01 ( 20.00)	Acc@1  58.79 ( 42.82)	Acc@3  78.91 ( 62.80)
[2026-05-30 00:05:03,192 INFO] kg: Epoch: [0][189/339]	Loss 3.021 (5.208)	InvT  20.01 ( 20.00)	Acc@1  61.52 ( 42.92)	Acc@3  83.20 ( 62.91)
[2026-05-30 00:05:32,375 INFO] kg: Epoch: [0][190/339]	Loss 3.459 (5.199)	InvT  20.01 ( 20.00)	Acc@1  56.05 ( 42.99)	Acc@3  77.93 ( 62.99)
[2026-05-30 00:06:01,472 INFO] kg: Epoch: [0][191/339]	Loss 3.143 (5.188)	InvT  20.01 ( 20.00)	Acc@1  61.52 ( 43.09)	Acc@3  79.88 ( 63.08)
[2026-05-30 00:06:30,591 INFO] kg: Epoch: [0][192/339]	Loss 3.108 (5.178)	InvT  20.01 ( 20.00)	Acc@1  58.98 ( 43.17)	Acc@3  82.23 ( 63.17)
[2026-05-30 00:06:59,746 INFO] kg: Epoch: [0][193/339]	Loss 3.21 (5.167)	InvT  20.01 ( 20.00)	Acc@1  58.59 ( 43.25)	Acc@3  81.05 ( 63.27)
[2026-05-30 00:07:28,985 INFO] kg: Epoch: [0][194/339]	Loss 3.108 (5.157)	InvT  20.01 ( 20.00)	Acc@1  61.33 ( 43.34)	Acc@3  79.88 ( 63.35)
[2026-05-30 00:07:58,242 INFO] kg: Epoch: [0][195/339]	Loss 3.13 (5.146)	InvT  20.01 ( 20.00)	Acc@1  61.52 ( 43.43)	Acc@3  81.84 ( 63.45)
[2026-05-30 00:08:27,445 INFO] kg: Epoch: [0][196/339]	Loss 2.959 (5.135)	InvT  20.01 ( 20.00)	Acc@1  65.43 ( 43.54)	Acc@3  80.47 ( 63.53)
[2026-05-30 00:08:56,571 INFO] kg: Epoch: [0][197/339]	Loss 3.048 (5.125)	InvT  20.01 ( 20.00)	Acc@1  61.72 ( 43.64)	Acc@3  79.88 ( 63.62)
[2026-05-30 00:09:25,744 INFO] kg: Epoch: [0][198/339]	Loss 3.032 (5.114)	InvT  20.01 ( 20.00)	Acc@1  60.55 ( 43.72)	Acc@3  81.45 ( 63.71)
[2026-05-30 00:09:54,837 INFO] kg: Epoch: [0][199/339]	Loss 2.764 (5.103)	InvT  20.01 ( 20.00)	Acc@1  64.84 ( 43.83)	Acc@3  83.40 ( 63.80)
[2026-05-30 00:10:23,988 INFO] kg: Epoch: [0][200/339]	Loss 3.17 (5.093)	InvT  20.01 ( 20.00)	Acc@1  63.09 ( 43.92)	Acc@3  82.03 ( 63.89)
[2026-05-30 00:10:53,086 INFO] kg: Epoch: [0][201/339]	Loss 2.947 (5.082)	InvT  20.01 ( 20.00)	Acc@1  62.70 ( 44.02)	Acc@3  84.38 ( 64.00)
[2026-05-30 00:11:22,247 INFO] kg: Epoch: [0][202/339]	Loss 2.935 (5.072)	InvT  20.01 ( 20.00)	Acc@1  63.28 ( 44.11)	Acc@3  83.59 ( 64.09)
[2026-05-30 00:11:51,447 INFO] kg: Epoch: [0][203/339]	Loss 2.947 (5.061)	InvT  20.01 ( 20.00)	Acc@1  62.50 ( 44.20)	Acc@3  81.25 ( 64.18)
[2026-05-30 00:12:20,624 INFO] kg: Epoch: [0][204/339]	Loss 3.154 (5.052)	InvT  20.01 ( 20.00)	Acc@1  57.62 ( 44.27)	Acc@3  81.05 ( 64.26)
[2026-05-30 00:12:49,802 INFO] kg: Epoch: [0][205/339]	Loss 2.813 (5.041)	InvT  20.01 ( 20.00)	Acc@1  63.28 ( 44.36)	Acc@3  83.59 ( 64.35)
[2026-05-30 00:13:19,000 INFO] kg: Epoch: [0][206/339]	Loss 3.113 (5.032)	InvT  20.01 ( 20.00)	Acc@1  63.48 ( 44.45)	Acc@3  82.03 ( 64.44)
[2026-05-30 00:13:48,096 INFO] kg: Epoch: [0][207/339]	Loss 3.022 (5.022)	InvT  20.01 ( 20.00)	Acc@1  60.74 ( 44.53)	Acc@3  81.64 ( 64.52)
[2026-05-30 00:14:17,271 INFO] kg: Epoch: [0][208/339]	Loss 3.247 (5.014)	InvT  20.01 ( 20.00)	Acc@1  59.38 ( 44.60)	Acc@3  79.88 ( 64.59)
[2026-05-30 00:14:46,404 INFO] kg: Epoch: [0][209/339]	Loss 3.21 (5.005)	InvT  20.01 ( 20.00)	Acc@1  60.55 ( 44.68)	Acc@3  77.93 ( 64.66)
[2026-05-30 00:15:15,526 INFO] kg: Epoch: [0][210/339]	Loss 2.845 (4.995)	InvT  20.01 ( 20.00)	Acc@1  63.67 ( 44.77)	Acc@3  83.98 ( 64.75)
[2026-05-30 00:15:44,657 INFO] kg: Epoch: [0][211/339]	Loss 3.109 (4.986)	InvT  20.01 ( 20.00)	Acc@1  62.30 ( 44.85)	Acc@3  80.86 ( 64.83)
[2026-05-30 00:16:13,772 INFO] kg: Epoch: [0][212/339]	Loss 3.024 (4.977)	InvT  20.01 ( 20.00)	Acc@1  60.94 ( 44.92)	Acc@3  82.03 ( 64.91)
[2026-05-30 00:16:42,904 INFO] kg: Epoch: [0][213/339]	Loss 3.335 (4.969)	InvT  20.01 ( 20.00)	Acc@1  60.16 ( 45.00)	Acc@3  79.69 ( 64.98)
[2026-05-30 00:17:12,038 INFO] kg: Epoch: [0][214/339]	Loss 3.078 (4.96)	InvT  20.01 ( 20.00)	Acc@1  60.35 ( 45.07)	Acc@3  83.59 ( 65.06)
[2026-05-30 00:17:41,151 INFO] kg: Epoch: [0][215/339]	Loss 2.963 (4.951)	InvT  20.01 ( 20.00)	Acc@1  61.33 ( 45.14)	Acc@3  83.59 ( 65.15)
[2026-05-30 00:18:10,326 INFO] kg: Epoch: [0][216/339]	Loss 3.048 (4.942)	InvT  20.01 ( 20.00)	Acc@1  61.52 ( 45.22)	Acc@3  81.25 ( 65.22)
[2026-05-30 00:18:39,510 INFO] kg: Epoch: [0][217/339]	Loss 2.813 (4.933)	InvT  20.01 ( 20.00)	Acc@1  61.52 ( 45.29)	Acc@3  81.25 ( 65.30)
[2026-05-30 00:19:08,713 INFO] kg: Epoch: [0][218/339]	Loss 3.079 (4.924)	InvT  20.01 ( 20.00)	Acc@1  62.50 ( 45.37)	Acc@3  81.84 ( 65.37)
[2026-05-30 00:19:37,843 INFO] kg: Epoch: [0][219/339]	Loss 2.925 (4.915)	InvT  20.01 ( 20.00)	Acc@1  62.70 ( 45.45)	Acc@3  84.18 ( 65.46)
[2026-05-30 00:20:07,015 INFO] kg: Epoch: [0][220/339]	Loss 2.967 (4.906)	InvT  20.01 ( 20.00)	Acc@1  62.11 ( 45.53)	Acc@3  80.86 ( 65.53)
[2026-05-30 00:20:36,132 INFO] kg: Epoch: [0][221/339]	Loss 2.89 (4.897)	InvT  20.01 ( 20.00)	Acc@1  63.67 ( 45.61)	Acc@3  83.01 ( 65.60)
[2026-05-30 00:21:05,298 INFO] kg: Epoch: [0][222/339]	Loss 2.936 (4.888)	InvT  20.01 ( 20.00)	Acc@1  63.28 ( 45.69)	Acc@3  84.38 ( 65.69)
[2026-05-30 00:21:34,471 INFO] kg: Epoch: [0][223/339]	Loss 3.009 (4.88)	InvT  20.01 ( 20.00)	Acc@1  61.72 ( 45.76)	Acc@3  82.03 ( 65.76)
[2026-05-30 00:22:03,621 INFO] kg: Epoch: [0][224/339]	Loss 2.787 (4.871)	InvT  20.01 ( 20.00)	Acc@1  66.21 ( 45.85)	Acc@3  84.96 ( 65.85)
[2026-05-30 00:22:32,781 INFO] kg: Epoch: [0][225/339]	Loss 3.202 (4.863)	InvT  20.01 ( 20.00)	Acc@1  59.57 ( 45.91)	Acc@3  83.20 ( 65.92)
[2026-05-30 00:23:01,882 INFO] kg: Epoch: [0][226/339]	Loss 2.901 (4.855)	InvT  20.01 ( 20.00)	Acc@1  62.11 ( 45.98)	Acc@3  82.23 ( 66.00)
[2026-05-30 00:23:30,965 INFO] kg: Epoch: [0][227/339]	Loss 2.803 (4.846)	InvT  20.01 ( 20.00)	Acc@1  63.48 ( 46.06)	Acc@3  83.40 ( 66.07)
[2026-05-30 00:24:00,145 INFO] kg: Epoch: [0][228/339]	Loss 2.777 (4.837)	InvT  20.01 ( 20.00)	Acc@1  62.70 ( 46.13)	Acc@3  85.35 ( 66.16)
[2026-05-30 00:24:29,305 INFO] kg: Epoch: [0][229/339]	Loss 2.968 (4.828)	InvT  20.01 ( 20.00)	Acc@1  62.70 ( 46.20)	Acc@3  82.03 ( 66.23)
[2026-05-30 00:24:58,429 INFO] kg: Epoch: [0][230/339]	Loss 2.904 (4.82)	InvT  20.01 ( 20.00)	Acc@1  64.06 ( 46.28)	Acc@3  82.23 ( 66.29)
[2026-05-30 00:25:27,620 INFO] kg: Epoch: [0][231/339]	Loss 2.887 (4.812)	InvT  20.01 ( 20.00)	Acc@1  65.43 ( 46.36)	Acc@3  83.40 ( 66.37)
[2026-05-30 00:25:56,783 INFO] kg: Epoch: [0][232/339]	Loss 2.708 (4.803)	InvT  20.01 ( 20.00)	Acc@1  64.45 ( 46.44)	Acc@3  82.03 ( 66.44)
[2026-05-30 00:26:25,923 INFO] kg: Epoch: [0][233/339]	Loss 2.827 (4.794)	InvT  20.01 ( 20.00)	Acc@1  64.06 ( 46.52)	Acc@3  83.59 ( 66.51)
[2026-05-30 00:26:55,074 INFO] kg: Epoch: [0][234/339]	Loss 2.384 (4.784)	InvT  20.01 ( 20.00)	Acc@1  69.34 ( 46.61)	Acc@3  86.52 ( 66.59)
[2026-05-30 00:27:24,229 INFO] kg: Epoch: [0][235/339]	Loss 2.745 (4.775)	InvT  20.01 ( 20.00)	Acc@1  63.67 ( 46.68)	Acc@3  85.74 ( 66.68)
[2026-05-30 00:27:53,413 INFO] kg: Epoch: [0][236/339]	Loss 2.768 (4.767)	InvT  20.01 ( 20.00)	Acc@1  63.87 ( 46.76)	Acc@3  84.38 ( 66.75)
[2026-05-30 00:28:22,577 INFO] kg: Epoch: [0][237/339]	Loss 2.922 (4.759)	InvT  20.01 ( 20.00)	Acc@1  62.11 ( 46.82)	Acc@3  82.03 ( 66.81)
[2026-05-30 00:28:51,808 INFO] kg: Epoch: [0][238/339]	Loss 2.819 (4.751)	InvT  20.01 ( 20.00)	Acc@1  63.09 ( 46.89)	Acc@3  82.03 ( 66.88)
[2026-05-30 00:29:21,014 INFO] kg: Epoch: [0][239/339]	Loss 2.588 (4.742)	InvT  20.01 ( 20.00)	Acc@1  66.02 ( 46.97)	Acc@3  85.35 ( 66.95)
[2026-05-30 00:29:50,211 INFO] kg: Epoch: [0][240/339]	Loss 2.526 (4.733)	InvT  20.01 ( 20.00)	Acc@1  66.99 ( 47.05)	Acc@3  85.94 ( 67.03)
[2026-05-30 00:30:19,376 INFO] kg: Epoch: [0][241/339]	Loss 2.637 (4.724)	InvT  20.02 ( 20.00)	Acc@1  67.38 ( 47.14)	Acc@3  85.16 ( 67.11)
[2026-05-30 00:30:48,556 INFO] kg: Epoch: [0][242/339]	Loss 2.617 (4.715)	InvT  20.02 ( 20.01)	Acc@1  67.58 ( 47.22)	Acc@3  83.40 ( 67.18)
[2026-05-30 00:31:17,768 INFO] kg: Epoch: [0][243/339]	Loss 2.834 (4.708)	InvT  20.02 ( 20.01)	Acc@1  63.87 ( 47.29)	Acc@3  82.81 ( 67.24)
[2026-05-30 00:31:46,980 INFO] kg: Epoch: [0][244/339]	Loss 2.748 (4.7)	InvT  20.02 ( 20.01)	Acc@1  66.21 ( 47.37)	Acc@3  85.16 ( 67.31)
[2026-05-30 00:32:16,173 INFO] kg: Epoch: [0][245/339]	Loss 2.536 (4.691)	InvT  20.02 ( 20.01)	Acc@1  70.12 ( 47.46)	Acc@3  87.89 ( 67.40)
[2026-05-30 00:32:45,339 INFO] kg: Epoch: [0][246/339]	Loss 2.755 (4.683)	InvT  20.02 ( 20.01)	Acc@1  65.43 ( 47.53)	Acc@3  83.40 ( 67.46)
[2026-05-30 00:33:14,499 INFO] kg: Epoch: [0][247/339]	Loss 2.853 (4.676)	InvT  20.02 ( 20.01)	Acc@1  66.02 ( 47.61)	Acc@3  82.81 ( 67.52)
[2026-05-30 00:33:43,707 INFO] kg: Epoch: [0][248/339]	Loss 2.722 (4.668)	InvT  20.02 ( 20.01)	Acc@1  65.43 ( 47.68)	Acc@3  85.55 ( 67.60)
[2026-05-30 00:34:12,884 INFO] kg: Epoch: [0][249/339]	Loss 2.743 (4.66)	InvT  20.02 ( 20.01)	Acc@1  65.62 ( 47.75)	Acc@3  84.38 ( 67.66)
[2026-05-30 00:34:42,022 INFO] kg: Epoch: [0][250/339]	Loss 2.493 (4.652)	InvT  20.02 ( 20.01)	Acc@1  67.58 ( 47.83)	Acc@3  84.38 ( 67.73)
[2026-05-30 00:35:11,193 INFO] kg: Epoch: [0][251/339]	Loss 2.541 (4.643)	InvT  20.02 ( 20.01)	Acc@1  66.21 ( 47.90)	Acc@3  83.20 ( 67.79)
[2026-05-30 00:35:40,360 INFO] kg: Epoch: [0][252/339]	Loss 2.757 (4.636)	InvT  20.02 ( 20.01)	Acc@1  64.84 ( 47.97)	Acc@3  84.57 ( 67.86)
[2026-05-30 00:36:09,509 INFO] kg: Epoch: [0][253/339]	Loss 2.412 (4.627)	InvT  20.02 ( 20.01)	Acc@1  68.36 ( 48.05)	Acc@3  86.72 ( 67.93)
[2026-05-30 00:36:38,668 INFO] kg: Epoch: [0][254/339]	Loss 2.539 (4.619)	InvT  20.02 ( 20.01)	Acc@1  68.16 ( 48.13)	Acc@3  85.55 ( 68.00)
[2026-05-30 00:37:07,793 INFO] kg: Epoch: [0][255/339]	Loss 2.599 (4.611)	InvT  20.02 ( 20.01)	Acc@1  65.43 ( 48.19)	Acc@3  85.55 ( 68.07)
[2026-05-30 00:37:36,888 INFO] kg: Epoch: [0][256/339]	Loss 2.54 (4.603)	InvT  20.02 ( 20.01)	Acc@1  68.95 ( 48.28)	Acc@3  84.96 ( 68.13)
[2026-05-30 00:38:05,997 INFO] kg: Epoch: [0][257/339]	Loss 2.795 (4.596)	InvT  20.02 ( 20.01)	Acc@1  63.48 ( 48.33)	Acc@3  85.16 ( 68.20)
[2026-05-30 00:38:35,115 INFO] kg: Epoch: [0][258/339]	Loss 2.718 (4.589)	InvT  20.02 ( 20.01)	Acc@1  65.23 ( 48.40)	Acc@3  83.98 ( 68.26)
[2026-05-30 00:39:04,246 INFO] kg: Epoch: [0][259/339]	Loss 2.766 (4.582)	InvT  20.02 ( 20.01)	Acc@1  64.45 ( 48.46)	Acc@3  82.81 ( 68.32)
[2026-05-30 00:39:33,397 INFO] kg: Epoch: [0][260/339]	Loss 2.85 (4.575)	InvT  20.02 ( 20.01)	Acc@1  63.87 ( 48.52)	Acc@3  84.77 ( 68.38)
[2026-05-30 00:40:02,604 INFO] kg: Epoch: [0][261/339]	Loss 2.557 (4.567)	InvT  20.02 ( 20.01)	Acc@1  67.19 ( 48.59)	Acc@3  85.74 ( 68.45)
[2026-05-30 00:40:31,733 INFO] kg: Epoch: [0][262/339]	Loss 2.416 (4.559)	InvT  20.02 ( 20.01)	Acc@1  67.19 ( 48.66)	Acc@3  87.11 ( 68.52)
[2026-05-30 00:41:00,860 INFO] kg: Epoch: [0][263/339]	Loss 2.71 (4.552)	InvT  20.02 ( 20.01)	Acc@1  64.84 ( 48.72)	Acc@3  83.01 ( 68.57)
[2026-05-30 00:41:29,975 INFO] kg: Epoch: [0][264/339]	Loss 2.632 (4.545)	InvT  20.02 ( 20.01)	Acc@1  66.99 ( 48.79)	Acc@3  84.18 ( 68.63)
[2026-05-30 00:41:59,128 INFO] kg: Epoch: [0][265/339]	Loss 2.655 (4.538)	InvT  20.02 ( 20.01)	Acc@1  67.77 ( 48.86)	Acc@3  87.11 ( 68.70)
[2026-05-30 00:42:28,273 INFO] kg: Epoch: [0][266/339]	Loss 2.684 (4.531)	InvT  20.02 ( 20.01)	Acc@1  63.09 ( 48.92)	Acc@3  83.98 ( 68.76)
[2026-05-30 00:42:57,419 INFO] kg: Epoch: [0][267/339]	Loss 2.434 (4.523)	InvT  20.02 ( 20.01)	Acc@1  68.55 ( 48.99)	Acc@3  86.33 ( 68.82)
[2026-05-30 00:43:26,590 INFO] kg: Epoch: [0][268/339]	Loss 2.432 (4.515)	InvT  20.02 ( 20.01)	Acc@1  66.41 ( 49.06)	Acc@3  86.13 ( 68.89)
[2026-05-30 00:43:55,747 INFO] kg: Epoch: [0][269/339]	Loss 2.749 (4.509)	InvT  20.02 ( 20.01)	Acc@1  63.48 ( 49.11)	Acc@3  85.35 ( 68.95)
[2026-05-30 00:44:24,929 INFO] kg: Epoch: [0][270/339]	Loss 2.558 (4.501)	InvT  20.02 ( 20.01)	Acc@1  68.16 ( 49.18)	Acc@3  85.35 ( 69.01)
[2026-05-30 00:44:54,130 INFO] kg: Epoch: [0][271/339]	Loss 2.465 (4.494)	InvT  20.02 ( 20.01)	Acc@1  67.58 ( 49.25)	Acc@3  85.74 ( 69.07)
[2026-05-30 00:45:23,298 INFO] kg: Epoch: [0][272/339]	Loss 2.385 (4.486)	InvT  20.02 ( 20.01)	Acc@1  66.02 ( 49.31)	Acc@3  86.33 ( 69.13)
[2026-05-30 00:45:52,508 INFO] kg: Epoch: [0][273/339]	Loss 2.308 (4.478)	InvT  20.02 ( 20.01)	Acc@1  68.95 ( 49.38)	Acc@3  85.55 ( 69.19)
[2026-05-30 00:46:21,685 INFO] kg: Epoch: [0][274/339]	Loss 2.708 (4.472)	InvT  20.03 ( 20.01)	Acc@1  63.67 ( 49.43)	Acc@3  82.81 ( 69.24)
[2026-05-30 00:46:50,805 INFO] kg: Epoch: [0][275/339]	Loss 2.395 (4.464)	InvT  20.03 ( 20.01)	Acc@1  69.34 ( 49.50)	Acc@3  86.13 ( 69.30)
[2026-05-30 00:47:19,903 INFO] kg: Epoch: [0][276/339]	Loss 2.597 (4.458)	InvT  20.03 ( 20.01)	Acc@1  64.06 ( 49.56)	Acc@3  85.74 ( 69.36)
[2026-05-30 00:47:49,072 INFO] kg: Epoch: [0][277/339]	Loss 2.588 (4.451)	InvT  20.03 ( 20.01)	Acc@1  66.60 ( 49.62)	Acc@3  85.74 ( 69.42)
[2026-05-30 00:48:18,242 INFO] kg: Epoch: [0][278/339]	Loss 2.492 (4.444)	InvT  20.03 ( 20.01)	Acc@1  63.67 ( 49.67)	Acc@3  87.11 ( 69.49)
[2026-05-30 00:48:47,401 INFO] kg: Epoch: [0][279/339]	Loss 2.433 (4.437)	InvT  20.03 ( 20.01)	Acc@1  66.99 ( 49.73)	Acc@3  87.30 ( 69.55)
[2026-05-30 00:49:16,587 INFO] kg: Epoch: [0][280/339]	Loss 2.403 (4.429)	InvT  20.03 ( 20.01)	Acc@1  68.55 ( 49.80)	Acc@3  87.30 ( 69.61)
[2026-05-30 00:49:45,776 INFO] kg: Epoch: [0][281/339]	Loss 2.428 (4.422)	InvT  20.03 ( 20.01)	Acc@1  66.99 ( 49.86)	Acc@3  85.35 ( 69.67)
[2026-05-30 00:50:14,873 INFO] kg: Epoch: [0][282/339]	Loss 2.471 (4.415)	InvT  20.03 ( 20.01)	Acc@1  67.97 ( 49.92)	Acc@3  84.18 ( 69.72)
[2026-05-30 00:50:44,018 INFO] kg: Epoch: [0][283/339]	Loss 2.085 (4.407)	InvT  20.03 ( 20.01)	Acc@1  72.66 ( 50.00)	Acc@3  89.26 ( 69.79)
[2026-05-30 00:51:13,139 INFO] kg: Epoch: [0][284/339]	Loss 2.314 (4.4)	InvT  20.03 ( 20.01)	Acc@1  72.27 ( 50.08)	Acc@3  86.91 ( 69.85)
[2026-05-30 00:51:42,253 INFO] kg: Epoch: [0][285/339]	Loss 2.26 (4.392)	InvT  20.03 ( 20.01)	Acc@1  70.90 ( 50.15)	Acc@3  88.28 ( 69.91)
[2026-05-30 00:52:11,384 INFO] kg: Epoch: [0][286/339]	Loss 2.456 (4.386)	InvT  20.03 ( 20.01)	Acc@1  66.80 ( 50.21)	Acc@3  87.11 ( 69.97)
[2026-05-30 00:52:40,552 INFO] kg: Epoch: [0][287/339]	Loss 2.279 (4.378)	InvT  20.03 ( 20.01)	Acc@1  68.75 ( 50.28)	Acc@3  87.89 ( 70.04)
[2026-05-30 00:53:09,684 INFO] kg: Epoch: [0][288/339]	Loss 2.182 (4.371)	InvT  20.03 ( 20.01)	Acc@1  70.70 ( 50.35)	Acc@3  88.67 ( 70.10)
[2026-05-30 00:53:39,061 INFO] kg: Epoch: [0][289/339]	Loss 2.257 (4.363)	InvT  20.03 ( 20.01)	Acc@1  70.90 ( 50.42)	Acc@3  86.91 ( 70.16)
[2026-05-30 00:54:08,253 INFO] kg: Epoch: [0][290/339]	Loss 2.008 (4.355)	InvT  20.03 ( 20.01)	Acc@1  71.68 ( 50.49)	Acc@3  88.87 ( 70.22)
[2026-05-30 00:54:37,466 INFO] kg: Epoch: [0][291/339]	Loss 2.215 (4.348)	InvT  20.03 ( 20.01)	Acc@1  71.09 ( 50.56)	Acc@3  88.67 ( 70.29)
[2026-05-30 00:55:06,700 INFO] kg: Epoch: [0][292/339]	Loss 2.346 (4.341)	InvT  20.03 ( 20.01)	Acc@1  68.55 ( 50.62)	Acc@3  87.30 ( 70.34)
[2026-05-30 00:55:35,839 INFO] kg: Epoch: [0][293/339]	Loss 2.329 (4.334)	InvT  20.03 ( 20.01)	Acc@1  69.53 ( 50.69)	Acc@3  88.09 ( 70.40)
[2026-05-30 00:56:05,027 INFO] kg: Epoch: [0][294/339]	Loss 2.155 (4.327)	InvT  20.04 ( 20.01)	Acc@1  71.29 ( 50.76)	Acc@3  88.67 ( 70.47)
[2026-05-30 00:56:34,195 INFO] kg: Epoch: [0][295/339]	Loss 2.506 (4.321)	InvT  20.04 ( 20.01)	Acc@1  67.77 ( 50.81)	Acc@3  87.30 ( 70.52)
[2026-05-30 00:57:03,385 INFO] kg: Epoch: [0][296/339]	Loss 2.149 (4.313)	InvT  20.04 ( 20.01)	Acc@1  74.41 ( 50.89)	Acc@3  89.26 ( 70.59)
[2026-05-30 00:57:32,512 INFO] kg: Epoch: [0][297/339]	Loss 2.216 (4.306)	InvT  20.04 ( 20.01)	Acc@1  69.92 ( 50.96)	Acc@3  88.09 ( 70.64)
[2026-05-30 00:58:01,718 INFO] kg: Epoch: [0][298/339]	Loss 2.23 (4.299)	InvT  20.04 ( 20.01)	Acc@1  68.95 ( 51.02)	Acc@3  87.11 ( 70.70)
[2026-05-30 00:58:30,888 INFO] kg: Epoch: [0][299/339]	Loss 2.128 (4.292)	InvT  20.04 ( 20.01)	Acc@1  70.51 ( 51.08)	Acc@3  87.70 ( 70.76)
[2026-05-30 00:59:00,127 INFO] kg: Epoch: [0][300/339]	Loss 2.252 (4.285)	InvT  20.04 ( 20.01)	Acc@1  69.92 ( 51.14)	Acc@3  88.09 ( 70.81)
[2026-05-30 00:59:29,246 INFO] kg: Epoch: [0][301/339]	Loss 2.278 (4.279)	InvT  20.04 ( 20.01)	Acc@1  70.51 ( 51.21)	Acc@3  86.91 ( 70.87)
[2026-05-30 00:59:58,389 INFO] kg: Epoch: [0][302/339]	Loss 1.951 (4.271)	InvT  20.04 ( 20.01)	Acc@1  73.63 ( 51.28)	Acc@3  89.26 ( 70.93)
[2026-05-30 01:00:27,525 INFO] kg: Epoch: [0][303/339]	Loss 1.934 (4.263)	InvT  20.04 ( 20.01)	Acc@1  74.41 ( 51.36)	Acc@3  89.26 ( 70.99)
[2026-05-30 01:00:56,649 INFO] kg: Epoch: [0][304/339]	Loss 2.246 (4.257)	InvT  20.04 ( 20.01)	Acc@1  71.68 ( 51.43)	Acc@3  87.30 ( 71.04)
[2026-05-30 01:01:25,822 INFO] kg: Epoch: [0][305/339]	Loss 1.9 (4.249)	InvT  20.04 ( 20.01)	Acc@1  73.44 ( 51.50)	Acc@3  89.45 ( 71.10)
[2026-05-30 01:01:55,073 INFO] kg: Epoch: [0][306/339]	Loss 1.95 (4.242)	InvT  20.04 ( 20.01)	Acc@1  73.83 ( 51.57)	Acc@3  91.02 ( 71.17)
[2026-05-30 01:02:24,182 INFO] kg: Epoch: [0][307/339]	Loss 1.908 (4.234)	InvT  20.04 ( 20.01)	Acc@1  73.05 ( 51.64)	Acc@3  91.99 ( 71.23)
[2026-05-30 01:02:53,270 INFO] kg: Epoch: [0][308/339]	Loss 2.007 (4.227)	InvT  20.04 ( 20.01)	Acc@1  71.68 ( 51.70)	Acc@3  89.45 ( 71.29)
[2026-05-30 01:03:22,354 INFO] kg: Epoch: [0][309/339]	Loss 2.018 (4.22)	InvT  20.05 ( 20.01)	Acc@1  73.24 ( 51.77)	Acc@3  89.65 ( 71.35)
